{"/Users/sergibittangonzalez/bootcamp/collab/skylab-bootcamp-202001/staff/sergi-bittan/diet-yourself/diet-yourself-api/logic/add-fav-diet.spec.js":{"path":"/Users/sergibittangonzalez/bootcamp/collab/skylab-bootcamp-202001/staff/sergi-bittan/diet-yourself/diet-yourself-api/logic/add-fav-diet.spec.js","statementMap":{"0":{"start":{"line":1,"column":0},"end":{"line":1,"column":26}},"1":{"start":{"line":3,"column":38},"end":{"line":3,"column":45}},"2":{"start":{"line":4,"column":45},"end":{"line":4,"column":74}},"3":{"start":{"line":6,"column":19},"end":{"line":6,"column":34}},"4":{"start":{"line":7,"column":19},"end":{"line":7,"column":23}},"5":{"start":{"line":8,"column":19},"end":{"line":8,"column":44}},"6":{"start":{"line":10,"column":26},"end":{"line":10,"column":57}},"7":{"start":{"line":12,"column":42},"end":{"line":12,"column":72}},"8":{"start":{"line":13,"column":28},"end":{"line":13,"column":48}},"9":{"start":{"line":15,"column":0},"end":{"line":138,"column":2}},"10":{"start":{"line":17,"column":4},"end":{"line":20,"column":5}},"11":{"start":{"line":18,"column":8},"end":{"line":19,"column":76}},"12":{"start":{"line":19,"column":24},"end":{"line":19,"column":75}},"13":{"start":{"line":29,"column":17},"end":{"line":29,"column":19}},"14":{"start":{"line":30,"column":22},"end":{"line":30,"column":51}},"15":{"start":{"line":32,"column":25},"end":{"line":32,"column":72}},"16":{"start":{"line":32,"column":46},"end":{"line":32,"column":71}},"17":{"start":{"line":33,"column":23},"end":{"line":33,"column":68}},"18":{"start":{"line":33,"column":44},"end":{"line":33,"column":67}},"19":{"start":{"line":34,"column":21},"end":{"line":34,"column":64}},"20":{"start":{"line":34,"column":42},"end":{"line":34,"column":63}},"21":{"start":{"line":35,"column":24},"end":{"line":35,"column":69}},"22":{"start":{"line":35,"column":45},"end":{"line":35,"column":68}},"23":{"start":{"line":36,"column":23},"end":{"line":36,"column":73}},"24":{"start":{"line":36,"column":44},"end":{"line":36,"column":72}},"25":{"start":{"line":38,"column":23},"end":{"line":38,"column":70}},"26":{"start":{"line":39,"column":21},"end":{"line":39,"column":66}},"27":{"start":{"line":40,"column":19},"end":{"line":40,"column":62}},"28":{"start":{"line":41,"column":22},"end":{"line":41,"column":68}},"29":{"start":{"line":42,"column":26},"end":{"line":42,"column":71}},"30":{"start":{"line":45,"column":4},"end":{"line":94,"column":6}},"31":{"start":{"line":47,"column":8},"end":{"line":47,"column":70}},"32":{"start":{"line":48,"column":8},"end":{"line":48,"column":90}},"33":{"start":{"line":49,"column":8},"end":{"line":49,"column":36}},"34":{"start":{"line":51,"column":8},"end":{"line":51,"column":49}},"35":{"start":{"line":52,"column":8},"end":{"line":52,"column":53}},"36":{"start":{"line":53,"column":8},"end":{"line":53,"column":51}},"37":{"start":{"line":56,"column":8},"end":{"line":56,"column":41}},"38":{"start":{"line":57,"column":8},"end":{"line":57,"column":44}},"39":{"start":{"line":58,"column":8},"end":{"line":58,"column":41}},"40":{"start":{"line":59,"column":8},"end":{"line":59,"column":31}},"41":{"start":{"line":60,"column":8},"end":{"line":60,"column":44}},"42":{"start":{"line":61,"column":8},"end":{"line":61,"column":37}},"43":{"start":{"line":62,"column":8},"end":{"line":62,"column":46}},"44":{"start":{"line":63,"column":8},"end":{"line":63,"column":51}},"45":{"start":{"line":64,"column":8},"end":{"line":64,"column":50}},"46":{"start":{"line":65,"column":8},"end":{"line":65,"column":33}},"47":{"start":{"line":66,"column":8},"end":{"line":66,"column":55}},"48":{"start":{"line":67,"column":8},"end":{"line":67,"column":18}},"49":{"start":{"line":70,"column":8},"end":{"line":70,"column":42}},"50":{"start":{"line":72,"column":8},"end":{"line":72,"column":144}},"51":{"start":{"line":74,"column":8},"end":{"line":74,"column":71}},"52":{"start":{"line":79,"column":21},"end":{"line":79,"column":141}},"53":{"start":{"line":81,"column":8},"end":{"line":81,"column":20}},"54":{"start":{"line":82,"column":8},"end":{"line":82,"column":16}},"55":{"start":{"line":86,"column":8},"end":{"line":86,"column":67}},"56":{"start":{"line":88,"column":8},"end":{"line":88,"column":27}},"57":{"start":{"line":89,"column":8},"end":{"line":89,"column":27}},"58":{"start":{"line":92,"column":8},"end":{"line":92,"column":25}},"59":{"start":{"line":97,"column":4},"end":{"line":121,"column":6}},"60":{"start":{"line":97,"column":63},"end":{"line":97,"column":71}},"61":{"start":{"line":99,"column":25},"end":{"line":99,"column":45}},"62":{"start":{"line":100,"column":8},"end":{"line":100,"column":37}},"63":{"start":{"line":102,"column":21},"end":{"line":102,"column":44}},"64":{"start":{"line":104,"column":21},"end":{"line":104,"column":35}},"65":{"start":{"line":106,"column":8},"end":{"line":106,"column":39}},"66":{"start":{"line":108,"column":20},"end":{"line":108,"column":25}},"67":{"start":{"line":110,"column":8},"end":{"line":115,"column":10}},"68":{"start":{"line":110,"column":29},"end":{"line":110,"column":37}},"69":{"start":{"line":112,"column":12},"end":{"line":114,"column":13}},"70":{"start":{"line":113,"column":16},"end":{"line":113,"column":28}},"71":{"start":{"line":117,"column":8},"end":{"line":117,"column":32}},"72":{"start":{"line":123,"column":4},"end":{"line":135,"column":6}},"73":{"start":{"line":124,"column":22},"end":{"line":124,"column":36}},"74":{"start":{"line":126,"column":8},"end":{"line":134,"column":9}},"75":{"start":{"line":127,"column":12},"end":{"line":127,"column":37}},"76":{"start":{"line":129,"column":12},"end":{"line":129,"column":54}},"77":{"start":{"line":131,"column":12},"end":{"line":131,"column":34}},"78":{"start":{"line":132,"column":12},"end":{"line":132,"column":60}},"79":{"start":{"line":133,"column":12},"end":{"line":133,"column":84}},"80":{"start":{"line":137,"column":4},"end":{"line":137,"column":102}},"81":{"start":{"line":137,"column":16},"end":{"line":137,"column":101}},"82":{"start":{"line":137,"column":79},"end":{"line":137,"column":100}}},"fnMap":{"0":{"name":"(anonymous_0)","decl":{"start":{"line":15,"column":34},"end":{"line":15,"column":35}},"loc":{"start":{"line":15,"column":40},"end":{"line":138,"column":1}},"line":15},"1":{"name":"(anonymous_1)","decl":{"start":{"line":17,"column":11},"end":{"line":17,"column":12}},"loc":{"start":{"line":18,"column":8},"end":{"line":19,"column":76}},"line":18},"2":{"name":"(anonymous_2)","decl":{"start":{"line":19,"column":18},"end":{"line":19,"column":19}},"loc":{"start":{"line":19,"column":24},"end":{"line":19,"column":75}},"line":19},"3":{"name":"(anonymous_3)","decl":{"start":{"line":32,"column":38},"end":{"line":32,"column":39}},"loc":{"start":{"line":32,"column":46},"end":{"line":32,"column":71}},"line":32},"4":{"name":"(anonymous_4)","decl":{"start":{"line":33,"column":36},"end":{"line":33,"column":37}},"loc":{"start":{"line":33,"column":44},"end":{"line":33,"column":67}},"line":33},"5":{"name":"(anonymous_5)","decl":{"start":{"line":34,"column":34},"end":{"line":34,"column":35}},"loc":{"start":{"line":34,"column":42},"end":{"line":34,"column":63}},"line":34},"6":{"name":"(anonymous_6)","decl":{"start":{"line":35,"column":37},"end":{"line":35,"column":38}},"loc":{"start":{"line":35,"column":45},"end":{"line":35,"column":68}},"line":35},"7":{"name":"(anonymous_7)","decl":{"start":{"line":36,"column":36},"end":{"line":36,"column":37}},"loc":{"start":{"line":36,"column":44},"end":{"line":36,"column":72}},"line":36},"8":{"name":"(anonymous_8)","decl":{"start":{"line":45,"column":15},"end":{"line":45,"column":16}},"loc":{"start":{"line":45,"column":27},"end":{"line":94,"column":5}},"line":45},"9":{"name":"(anonymous_9)","decl":{"start":{"line":97,"column":50},"end":{"line":97,"column":51}},"loc":{"start":{"line":97,"column":62},"end":{"line":121,"column":5}},"line":97},"10":{"name":"(anonymous_10)","decl":{"start":{"line":110,"column":21},"end":{"line":110,"column":22}},"loc":{"start":{"line":110,"column":28},"end":{"line":115,"column":9}},"line":110},"11":{"name":"(anonymous_11)","decl":{"start":{"line":123,"column":39},"end":{"line":123,"column":40}},"loc":{"start":{"line":123,"column":51},"end":{"line":135,"column":5}},"line":123},"12":{"name":"(anonymous_12)","decl":{"start":{"line":137,"column":10},"end":{"line":137,"column":11}},"loc":{"start":{"line":137,"column":16},"end":{"line":137,"column":101}},"line":137},"13":{"name":"(anonymous_13)","decl":{"start":{"line":137,"column":73},"end":{"line":137,"column":74}},"loc":{"start":{"line":137,"column":79},"end":{"line":137,"column":100}},"line":137}},"branchMap":{"0":{"loc":{"start":{"line":112,"column":12},"end":{"line":114,"column":13}},"type":"if","locations":[{"start":{"line":112,"column":12},"end":{"line":114,"column":13}},{"start":{"line":112,"column":12},"end":{"line":114,"column":13}}],"line":112}},"s":{"0":1,"1":1,"2":1,"3":1,"4":1,"5":1,"6":1,"7":1,"8":1,"9":1,"10":1,"11":1,"12":1,"13":1,"14":1,"15":1,"16":90,"17":1,"18":90,"19":1,"20":90,"21":1,"22":90,"23":1,"24":90,"25":1,"26":1,"27":1,"28":1,"29":1,"30":1,"31":2,"32":2,"33":2,"34":2,"35":2,"36":2,"37":2,"38":2,"39":2,"40":2,"41":2,"42":2,"43":2,"44":2,"45":2,"46":2,"47":2,"48":2,"49":2,"50":2,"51":2,"52":2,"53":2,"54":2,"55":2,"56":2,"57":2,"58":2,"59":1,"60":1,"61":1,"62":1,"63":1,"64":1,"65":1,"66":1,"67":1,"68":1,"69":1,"70":1,"71":1,"72":1,"73":1,"74":1,"75":1,"76":0,"77":1,"78":1,"79":1,"80":1,"81":1,"82":1},"f":{"0":1,"1":1,"2":1,"3":90,"4":90,"5":90,"6":90,"7":90,"8":2,"9":1,"10":1,"11":1,"12":1,"13":1},"b":{"0":[1,0]},"_coverageSchema":"1a1c01bbd47fc00a2c39e90264f33305004495a9","hash":"2be09e23d8c93e90009d0360f62b97ba09679aa3","contentHash":"743504fcb71abd6ab86cede34752e4fd0fd51cc383cb1032970b638029c7ca83"},"/Users/sergibittangonzalez/bootcamp/collab/skylab-bootcamp-202001/staff/sergi-bittan/diet-yourself/diet-yourself-api/logic/add-fav-diet.js":{"path":"/Users/sergibittangonzalez/bootcamp/collab/skylab-bootcamp-202001/staff/sergi-bittan/diet-yourself/diet-yourself-api/logic/add-fav-diet.js","statementMap":{"0":{"start":{"line":1,"column":21},"end":{"line":1,"column":51}},"1":{"start":{"line":2,"column":29},"end":{"line":2,"column":58}},"2":{"start":{"line":3,"column":26},"end":{"line":3,"column":57}},"3":{"start":{"line":5,"column":0},"end":{"line":31,"column":1}},"4":{"start":{"line":7,"column":4},"end":{"line":7,"column":29}},"5":{"start":{"line":9,"column":4},"end":{"line":28,"column":8}},"6":{"start":{"line":12,"column":21},"end":{"line":12,"column":44}},"7":{"start":{"line":14,"column":8},"end":{"line":25,"column":9}},"8":{"start":{"line":14,"column":19},"end":{"line":14,"column":79}},"9":{"start":{"line":17,"column":25},"end":{"line":17,"column":34}},"10":{"start":{"line":19,"column":12},"end":{"line":19,"column":88}},"11":{"start":{"line":19,"column":22},"end":{"line":19,"column":88}},"12":{"start":{"line":21,"column":12},"end":{"line":21,"column":37}},"13":{"start":{"line":23,"column":12},"end":{"line":23,"column":29}}},"fnMap":{"0":{"name":"(anonymous_0)","decl":{"start":{"line":5,"column":17},"end":{"line":5,"column":18}},"loc":{"start":{"line":5,"column":25},"end":{"line":31,"column":1}},"line":5},"1":{"name":"(anonymous_1)","decl":{"start":{"line":9,"column":12},"end":{"line":9,"column":13}},"loc":{"start":{"line":9,"column":24},"end":{"line":28,"column":5}},"line":9}},"branchMap":{"0":{"loc":{"start":{"line":14,"column":8},"end":{"line":25,"column":9}},"type":"if","locations":[{"start":{"line":14,"column":8},"end":{"line":25,"column":9}},{"start":{"line":14,"column":8},"end":{"line":25,"column":9}}],"line":14},"1":{"loc":{"start":{"line":19,"column":12},"end":{"line":19,"column":88}},"type":"if","locations":[{"start":{"line":19,"column":12},"end":{"line":19,"column":88}},{"start":{"line":19,"column":12},"end":{"line":19,"column":88}}],"line":19}},"s":{"0":1,"1":1,"2":1,"3":1,"4":2,"5":2,"6":2,"7":2,"8":1,"9":1,"10":1,"11":0,"12":1,"13":1},"f":{"0":2,"1":2},"b":{"0":[1,1],"1":[0,1]},"_coverageSchema":"1a1c01bbd47fc00a2c39e90264f33305004495a9","hash":"470b8e17393bf92d7411a026de6a807facba3a61","contentHash":"22f1f1f4c6f705e8cc0f1f4b87feb4bc46f286ed83b62ffd2c892ba584ec7870"},"/Users/sergibittangonzalez/bootcamp/collab/skylab-bootcamp-202001/staff/sergi-bittan/diet-yourself/diet-yourself-api/logic/helpers/index.js":{"path":"/Users/sergibittangonzalez/bootcamp/collab/skylab-bootcamp-202001/staff/sergi-bittan/diet-yourself/diet-yourself-api/logic/helpers/index.js","statementMap":{"0":{"start":{"line":1,"column":0},"end":{"line":4,"column":1}}},"fnMap":{},"branchMap":{},"s":{"0":1},"f":{},"b":{},"_coverageSchema":"1a1c01bbd47fc00a2c39e90264f33305004495a9","hash":"f725cd013d212d48fbbb3132614d65654b4b6a8d","contentHash":"d349ba03981431d1c9b466d3a78597e03bcba2c99429e5d583d57a1aacd8a0fd"},"/Users/sergibittangonzalez/bootcamp/collab/skylab-bootcamp-202001/staff/sergi-bittan/diet-yourself/diet-yourself-api/logic/helpers/calculate-points.js":{"path":"/Users/sergibittangonzalez/bootcamp/collab/skylab-bootcamp-202001/staff/sergi-bittan/diet-yourself/diet-yourself-api/logic/helpers/calculate-points.js","statementMap":{"0":{"start":{"line":1,"column":0},"end":{"line":83,"column":1}},"1":{"start":{"line":3,"column":13},"end":{"line":3,"column":14}},"2":{"start":{"line":4,"column":16},"end":{"line":4,"column":17}},"3":{"start":{"line":6,"column":4},"end":{"line":16,"column":5}},"4":{"start":{"line":8,"column":12},"end":{"line":8,"column":33}},"5":{"start":{"line":9,"column":12},"end":{"line":9,"column":18}},"6":{"start":{"line":11,"column":12},"end":{"line":11,"column":26}},"7":{"start":{"line":12,"column":12},"end":{"line":12,"column":18}},"8":{"start":{"line":14,"column":12},"end":{"line":14,"column":36}},"9":{"start":{"line":15,"column":12},"end":{"line":15,"column":18}},"10":{"start":{"line":18,"column":4},"end":{"line":31,"column":5}},"11":{"start":{"line":20,"column":12},"end":{"line":20,"column":24}},"12":{"start":{"line":21,"column":12},"end":{"line":21,"column":18}},"13":{"start":{"line":23,"column":12},"end":{"line":23,"column":24}},"14":{"start":{"line":24,"column":12},"end":{"line":24,"column":18}},"15":{"start":{"line":26,"column":12},"end":{"line":26,"column":24}},"16":{"start":{"line":27,"column":12},"end":{"line":27,"column":18}},"17":{"start":{"line":29,"column":12},"end":{"line":29,"column":24}},"18":{"start":{"line":30,"column":12},"end":{"line":30,"column":18}},"19":{"start":{"line":34,"column":4},"end":{"line":44,"column":5}},"20":{"start":{"line":35,"column":8},"end":{"line":35,"column":19}},"21":{"start":{"line":36,"column":11},"end":{"line":44,"column":5}},"22":{"start":{"line":37,"column":8},"end":{"line":37,"column":19}},"23":{"start":{"line":38,"column":11},"end":{"line":44,"column":5}},"24":{"start":{"line":39,"column":8},"end":{"line":39,"column":19}},"25":{"start":{"line":40,"column":11},"end":{"line":44,"column":5}},"26":{"start":{"line":42,"column":11},"end":{"line":44,"column":5}},"27":{"start":{"line":43,"column":8},"end":{"line":43,"column":19}},"28":{"start":{"line":48,"column":4},"end":{"line":68,"column":5}},"29":{"start":{"line":49,"column":8},"end":{"line":49,"column":19}},"30":{"start":{"line":50,"column":11},"end":{"line":68,"column":5}},"31":{"start":{"line":51,"column":8},"end":{"line":51,"column":20}},"32":{"start":{"line":52,"column":11},"end":{"line":68,"column":5}},"33":{"start":{"line":53,"column":8},"end":{"line":53,"column":20}},"34":{"start":{"line":54,"column":11},"end":{"line":68,"column":5}},"35":{"start":{"line":55,"column":8},"end":{"line":55,"column":20}},"36":{"start":{"line":56,"column":11},"end":{"line":68,"column":5}},"37":{"start":{"line":57,"column":8},"end":{"line":57,"column":20}},"38":{"start":{"line":58,"column":11},"end":{"line":68,"column":5}},"39":{"start":{"line":59,"column":8},"end":{"line":59,"column":20}},"40":{"start":{"line":60,"column":11},"end":{"line":68,"column":5}},"41":{"start":{"line":61,"column":8},"end":{"line":61,"column":20}},"42":{"start":{"line":62,"column":11},"end":{"line":68,"column":5}},"43":{"start":{"line":63,"column":8},"end":{"line":63,"column":20}},"44":{"start":{"line":64,"column":11},"end":{"line":68,"column":5}},"45":{"start":{"line":65,"column":8},"end":{"line":65,"column":20}},"46":{"start":{"line":66,"column":11},"end":{"line":68,"column":5}},"47":{"start":{"line":67,"column":8},"end":{"line":67,"column":20}},"48":{"start":{"line":71,"column":4},"end":{"line":72,"column":20}},"49":{"start":{"line":71,"column":22},"end":{"line":71,"column":33}},"50":{"start":{"line":72,"column":9},"end":{"line":72,"column":20}},"51":{"start":{"line":74,"column":4},"end":{"line":75,"column":20}},"52":{"start":{"line":74,"column":27},"end":{"line":74,"column":39}},"53":{"start":{"line":75,"column":9},"end":{"line":75,"column":20}},"54":{"start":{"line":77,"column":27},"end":{"line":77,"column":56}},"55":{"start":{"line":80,"column":4},"end":{"line":80,"column":27}}},"fnMap":{"0":{"name":"(anonymous_0)","decl":{"start":{"line":1,"column":17},"end":{"line":1,"column":18}},"loc":{"start":{"line":1,"column":66},"end":{"line":83,"column":1}},"line":1}},"branchMap":{"0":{"loc":{"start":{"line":6,"column":4},"end":{"line":16,"column":5}},"type":"switch","locations":[{"start":{"line":7,"column":8},"end":{"line":9,"column":18}},{"start":{"line":10,"column":8},"end":{"line":12,"column":18}},{"start":{"line":13,"column":8},"end":{"line":15,"column":18}}],"line":6},"1":{"loc":{"start":{"line":18,"column":4},"end":{"line":31,"column":5}},"type":"switch","locations":[{"start":{"line":19,"column":8},"end":{"line":21,"column":18}},{"start":{"line":22,"column":8},"end":{"line":24,"column":18}},{"start":{"line":25,"column":8},"end":{"line":27,"column":18}},{"start":{"line":28,"column":8},"end":{"line":30,"column":18}}],"line":18},"2":{"loc":{"start":{"line":34,"column":4},"end":{"line":44,"column":5}},"type":"if","locations":[{"start":{"line":34,"column":4},"end":{"line":44,"column":5}},{"start":{"line":34,"column":4},"end":{"line":44,"column":5}}],"line":34},"3":{"loc":{"start":{"line":34,"column":8},"end":{"line":34,"column":30}},"type":"binary-expr","locations":[{"start":{"line":34,"column":8},"end":{"line":34,"column":17}},{"start":{"line":34,"column":21},"end":{"line":34,"column":30}}],"line":34},"4":{"loc":{"start":{"line":36,"column":11},"end":{"line":44,"column":5}},"type":"if","locations":[{"start":{"line":36,"column":11},"end":{"line":44,"column":5}},{"start":{"line":36,"column":11},"end":{"line":44,"column":5}}],"line":36},"5":{"loc":{"start":{"line":36,"column":15},"end":{"line":36,"column":37}},"type":"binary-expr","locations":[{"start":{"line":36,"column":15},"end":{"line":36,"column":24}},{"start":{"line":36,"column":28},"end":{"line":36,"column":37}}],"line":36},"6":{"loc":{"start":{"line":38,"column":11},"end":{"line":44,"column":5}},"type":"if","locations":[{"start":{"line":38,"column":11},"end":{"line":44,"column":5}},{"start":{"line":38,"column":11},"end":{"line":44,"column":5}}],"line":38},"7":{"loc":{"start":{"line":38,"column":15},"end":{"line":38,"column":37}},"type":"binary-expr","locations":[{"start":{"line":38,"column":15},"end":{"line":38,"column":24}},{"start":{"line":38,"column":28},"end":{"line":38,"column":37}}],"line":38},"8":{"loc":{"start":{"line":40,"column":11},"end":{"line":44,"column":5}},"type":"if","locations":[{"start":{"line":40,"column":11},"end":{"line":44,"column":5}},{"start":{"line":40,"column":11},"end":{"line":44,"column":5}}],"line":40},"9":{"loc":{"start":{"line":40,"column":15},"end":{"line":40,"column":37}},"type":"binary-expr","locations":[{"start":{"line":40,"column":15},"end":{"line":40,"column":24}},{"start":{"line":40,"column":28},"end":{"line":40,"column":37}}],"line":40},"10":{"loc":{"start":{"line":42,"column":11},"end":{"line":44,"column":5}},"type":"if","locations":[{"start":{"line":42,"column":11},"end":{"line":44,"column":5}},{"start":{"line":42,"column":11},"end":{"line":44,"column":5}}],"line":42},"11":{"loc":{"start":{"line":48,"column":4},"end":{"line":68,"column":5}},"type":"if","locations":[{"start":{"line":48,"column":4},"end":{"line":68,"column":5}},{"start":{"line":48,"column":4},"end":{"line":68,"column":5}}],"line":48},"12":{"loc":{"start":{"line":48,"column":8},"end":{"line":48,"column":36}},"type":"binary-expr","locations":[{"start":{"line":48,"column":8},"end":{"line":48,"column":20}},{"start":{"line":48,"column":24},"end":{"line":48,"column":36}}],"line":48},"13":{"loc":{"start":{"line":50,"column":11},"end":{"line":68,"column":5}},"type":"if","locations":[{"start":{"line":50,"column":11},"end":{"line":68,"column":5}},{"start":{"line":50,"column":11},"end":{"line":68,"column":5}}],"line":50},"14":{"loc":{"start":{"line":50,"column":15},"end":{"line":50,"column":43}},"type":"binary-expr","locations":[{"start":{"line":50,"column":15},"end":{"line":50,"column":27}},{"start":{"line":50,"column":31},"end":{"line":50,"column":43}}],"line":50},"15":{"loc":{"start":{"line":52,"column":11},"end":{"line":68,"column":5}},"type":"if","locations":[{"start":{"line":52,"column":11},"end":{"line":68,"column":5}},{"start":{"line":52,"column":11},"end":{"line":68,"column":5}}],"line":52},"16":{"loc":{"start":{"line":52,"column":15},"end":{"line":52,"column":43}},"type":"binary-expr","locations":[{"start":{"line":52,"column":15},"end":{"line":52,"column":27}},{"start":{"line":52,"column":31},"end":{"line":52,"column":43}}],"line":52},"17":{"loc":{"start":{"line":54,"column":11},"end":{"line":68,"column":5}},"type":"if","locations":[{"start":{"line":54,"column":11},"end":{"line":68,"column":5}},{"start":{"line":54,"column":11},"end":{"line":68,"column":5}}],"line":54},"18":{"loc":{"start":{"line":54,"column":15},"end":{"line":54,"column":43}},"type":"binary-expr","locations":[{"start":{"line":54,"column":15},"end":{"line":54,"column":27}},{"start":{"line":54,"column":31},"end":{"line":54,"column":43}}],"line":54},"19":{"loc":{"start":{"line":56,"column":11},"end":{"line":68,"column":5}},"type":"if","locations":[{"start":{"line":56,"column":11},"end":{"line":68,"column":5}},{"start":{"line":56,"column":11},"end":{"line":68,"column":5}}],"line":56},"20":{"loc":{"start":{"line":56,"column":15},"end":{"line":56,"column":43}},"type":"binary-expr","locations":[{"start":{"line":56,"column":15},"end":{"line":56,"column":27}},{"start":{"line":56,"column":31},"end":{"line":56,"column":43}}],"line":56},"21":{"loc":{"start":{"line":58,"column":11},"end":{"line":68,"column":5}},"type":"if","locations":[{"start":{"line":58,"column":11},"end":{"line":68,"column":5}},{"start":{"line":58,"column":11},"end":{"line":68,"column":5}}],"line":58},"22":{"loc":{"start":{"line":58,"column":15},"end":{"line":58,"column":43}},"type":"binary-expr","locations":[{"start":{"line":58,"column":15},"end":{"line":58,"column":27}},{"start":{"line":58,"column":31},"end":{"line":58,"column":43}}],"line":58},"23":{"loc":{"start":{"line":60,"column":11},"end":{"line":68,"column":5}},"type":"if","locations":[{"start":{"line":60,"column":11},"end":{"line":68,"column":5}},{"start":{"line":60,"column":11},"end":{"line":68,"column":5}}],"line":60},"24":{"loc":{"start":{"line":60,"column":15},"end":{"line":60,"column":43}},"type":"binary-expr","locations":[{"start":{"line":60,"column":15},"end":{"line":60,"column":27}},{"start":{"line":60,"column":31},"end":{"line":60,"column":43}}],"line":60},"25":{"loc":{"start":{"line":62,"column":11},"end":{"line":68,"column":5}},"type":"if","locations":[{"start":{"line":62,"column":11},"end":{"line":68,"column":5}},{"start":{"line":62,"column":11},"end":{"line":68,"column":5}}],"line":62},"26":{"loc":{"start":{"line":62,"column":15},"end":{"line":62,"column":43}},"type":"binary-expr","locations":[{"start":{"line":62,"column":15},"end":{"line":62,"column":27}},{"start":{"line":62,"column":31},"end":{"line":62,"column":43}}],"line":62},"27":{"loc":{"start":{"line":64,"column":11},"end":{"line":68,"column":5}},"type":"if","locations":[{"start":{"line":64,"column":11},"end":{"line":68,"column":5}},{"start":{"line":64,"column":11},"end":{"line":68,"column":5}}],"line":64},"28":{"loc":{"start":{"line":64,"column":15},"end":{"line":64,"column":43}},"type":"binary-expr","locations":[{"start":{"line":64,"column":15},"end":{"line":64,"column":27}},{"start":{"line":64,"column":31},"end":{"line":64,"column":43}}],"line":64},"29":{"loc":{"start":{"line":66,"column":11},"end":{"line":68,"column":5}},"type":"if","locations":[{"start":{"line":66,"column":11},"end":{"line":68,"column":5}},{"start":{"line":66,"column":11},"end":{"line":68,"column":5}}],"line":66},"30":{"loc":{"start":{"line":71,"column":4},"end":{"line":72,"column":20}},"type":"if","locations":[{"start":{"line":71,"column":4},"end":{"line":72,"column":20}},{"start":{"line":71,"column":4},"end":{"line":72,"column":20}}],"line":71},"31":{"loc":{"start":{"line":74,"column":4},"end":{"line":75,"column":20}},"type":"if","locations":[{"start":{"line":74,"column":4},"end":{"line":75,"column":20}},{"start":{"line":74,"column":4},"end":{"line":75,"column":20}}],"line":74}},"s":{"0":1,"1":8,"2":8,"3":8,"4":0,"5":0,"6":0,"7":0,"8":0,"9":0,"10":8,"11":0,"12":0,"13":0,"14":0,"15":0,"16":0,"17":0,"18":0,"19":8,"20":0,"21":8,"22":0,"23":8,"24":0,"25":8,"26":8,"27":0,"28":8,"29":0,"30":8,"31":0,"32":8,"33":0,"34":8,"35":0,"36":8,"37":0,"38":8,"39":0,"40":8,"41":0,"42":8,"43":0,"44":8,"45":0,"46":8,"47":8,"48":8,"49":0,"50":8,"51":8,"52":0,"53":8,"54":8,"55":8},"f":{"0":8},"b":{"0":[0,0,0],"1":[0,0,0,0],"2":[0,8],"3":[8,0],"4":[0,8],"5":[8,0],"6":[0,8],"7":[8,0],"8":[0,8],"9":[8,0],"10":[0,8],"11":[0,8],"12":[8,8],"13":[0,8],"14":[8,8],"15":[0,8],"16":[8,8],"17":[0,8],"18":[8,8],"19":[0,8],"20":[8,8],"21":[0,8],"22":[8,8],"23":[0,8],"24":[8,8],"25":[0,8],"26":[8,8],"27":[0,8],"28":[8,8],"29":[8,0],"30":[0,8],"31":[0,8]},"_coverageSchema":"1a1c01bbd47fc00a2c39e90264f33305004495a9","hash":"d686dcae04a8657cb1c7fe2eded7330bb480806e","contentHash":"9a5cfeaa4242df3ea5cdff2e79b328b2e3afd1f3264e80d131342b2827ba36da"},"/Users/sergibittangonzalez/bootcamp/collab/skylab-bootcamp-202001/staff/sergi-bittan/diet-yourself/diet-yourself-api/logic/helpers/calculate-calories.js":{"path":"/Users/sergibittangonzalez/bootcamp/collab/skylab-bootcamp-202001/staff/sergi-bittan/diet-yourself/diet-yourself-api/logic/helpers/calculate-calories.js","statementMap":{"0":{"start":{"line":1,"column":0},"end":{"line":46,"column":1}},"1":{"start":{"line":2,"column":17},"end":{"line":2,"column":18}},"2":{"start":{"line":3,"column":14},"end":{"line":3,"column":15}},"3":{"start":{"line":4,"column":14},"end":{"line":4,"column":15}},"4":{"start":{"line":5,"column":20},"end":{"line":5,"column":21}},"5":{"start":{"line":7,"column":4},"end":{"line":14,"column":5}},"6":{"start":{"line":9,"column":12},"end":{"line":9,"column":66}},"7":{"start":{"line":10,"column":12},"end":{"line":10,"column":18}},"8":{"start":{"line":12,"column":12},"end":{"line":12,"column":68}},"9":{"start":{"line":13,"column":12},"end":{"line":13,"column":18}},"10":{"start":{"line":16,"column":4},"end":{"line":29,"column":5}},"11":{"start":{"line":18,"column":12},"end":{"line":18,"column":23}},"12":{"start":{"line":19,"column":12},"end":{"line":19,"column":18}},"13":{"start":{"line":21,"column":12},"end":{"line":21,"column":24}},"14":{"start":{"line":22,"column":12},"end":{"line":22,"column":18}},"15":{"start":{"line":24,"column":12},"end":{"line":24,"column":24}},"16":{"start":{"line":25,"column":12},"end":{"line":25,"column":18}},"17":{"start":{"line":27,"column":12},"end":{"line":27,"column":24}},"18":{"start":{"line":28,"column":12},"end":{"line":28,"column":18}},"19":{"start":{"line":31,"column":4},"end":{"line":39,"column":5}},"20":{"start":{"line":33,"column":12},"end":{"line":33,"column":29}},"21":{"start":{"line":34,"column":12},"end":{"line":34,"column":18}},"22":{"start":{"line":36,"column":12},"end":{"line":36,"column":25}},"23":{"start":{"line":38,"column":12},"end":{"line":38,"column":28}},"24":{"start":{"line":41,"column":4},"end":{"line":41,"column":22}},"25":{"start":{"line":42,"column":4},"end":{"line":42,"column":33}},"26":{"start":{"line":44,"column":4},"end":{"line":44,"column":19}}},"fnMap":{"0":{"name":"(anonymous_0)","decl":{"start":{"line":1,"column":17},"end":{"line":1,"column":18}},"loc":{"start":{"line":1,"column":66},"end":{"line":46,"column":1}},"line":1}},"branchMap":{"0":{"loc":{"start":{"line":7,"column":4},"end":{"line":14,"column":5}},"type":"switch","locations":[{"start":{"line":8,"column":8},"end":{"line":10,"column":18}},{"start":{"line":11,"column":8},"end":{"line":13,"column":18}}],"line":7},"1":{"loc":{"start":{"line":16,"column":4},"end":{"line":29,"column":5}},"type":"switch","locations":[{"start":{"line":17,"column":8},"end":{"line":19,"column":18}},{"start":{"line":20,"column":8},"end":{"line":22,"column":18}},{"start":{"line":23,"column":8},"end":{"line":25,"column":18}},{"start":{"line":26,"column":8},"end":{"line":28,"column":18}}],"line":16},"2":{"loc":{"start":{"line":31,"column":4},"end":{"line":39,"column":5}},"type":"switch","locations":[{"start":{"line":32,"column":8},"end":{"line":34,"column":18}},{"start":{"line":35,"column":8},"end":{"line":36,"column":25}},{"start":{"line":37,"column":8},"end":{"line":38,"column":28}}],"line":31}},"s":{"0":1,"1":6,"2":6,"3":6,"4":6,"5":6,"6":4,"7":4,"8":2,"9":2,"10":6,"11":0,"12":0,"13":1,"14":1,"15":2,"16":2,"17":3,"18":3,"19":6,"20":2,"21":2,"22":1,"23":4,"24":6,"25":6,"26":6},"f":{"0":6},"b":{"0":[4,2],"1":[0,1,2,3],"2":[2,1,4]},"_coverageSchema":"1a1c01bbd47fc00a2c39e90264f33305004495a9","hash":"e0e63599f47d9f1a3db0be722c9b164d092be65a","contentHash":"1a8ea6dae1771340eaf6ae1b0c1b3fbf5fc84c57936cdb9321f9c9dd2529cc5f"},"/Users/sergibittangonzalez/bootcamp/collab/skylab-bootcamp-202001/staff/sergi-bittan/diet-yourself/diet-yourself-api/logic/authenticate-user.spec.js":{"path":"/Users/sergibittangonzalez/bootcamp/collab/skylab-bootcamp-202001/staff/sergi-bittan/diet-yourself/diet-yourself-api/logic/authenticate-user.spec.js","statementMap":{"0":{"start":{"line":1,"column":0},"end":{"line":1,"column":26}},"1":{"start":{"line":3,"column":38},"end":{"line":3,"column":45}},"2":{"start":{"line":4,"column":39},"end":{"line":4,"column":68}},"3":{"start":{"line":5,"column":19},"end":{"line":5,"column":34}},"4":{"start":{"line":6,"column":19},"end":{"line":6,"column":23}},"5":{"start":{"line":7,"column":25},"end":{"line":7,"column":55}},"6":{"start":{"line":8,"column":15},"end":{"line":8,"column":34}},"7":{"start":{"line":9,"column":25},"end":{"line":9,"column":56}},"8":{"start":{"line":11,"column":0},"end":{"line":171,"column":2}},"9":{"start":{"line":12,"column":4},"end":{"line":15,"column":5}},"10":{"start":{"line":13,"column":8},"end":{"line":14,"column":42}},"11":{"start":{"line":14,"column":24},"end":{"line":14,"column":41}},"12":{"start":{"line":22,"column":4},"end":{"line":45,"column":6}},"13":{"start":{"line":24,"column":8},"end":{"line":24,"column":69}},"14":{"start":{"line":25,"column":8},"end":{"line":25,"column":88}},"15":{"start":{"line":26,"column":8},"end":{"line":26,"column":35}},"16":{"start":{"line":28,"column":8},"end":{"line":28,"column":49}},"17":{"start":{"line":29,"column":8},"end":{"line":29,"column":53}},"18":{"start":{"line":30,"column":8},"end":{"line":30,"column":51}},"19":{"start":{"line":33,"column":8},"end":{"line":33,"column":41}},"20":{"start":{"line":34,"column":8},"end":{"line":34,"column":44}},"21":{"start":{"line":35,"column":8},"end":{"line":35,"column":41}},"22":{"start":{"line":36,"column":8},"end":{"line":36,"column":30}},"23":{"start":{"line":37,"column":8},"end":{"line":37,"column":42}},"24":{"start":{"line":38,"column":8},"end":{"line":38,"column":36}},"25":{"start":{"line":39,"column":8},"end":{"line":39,"column":46}},"26":{"start":{"line":40,"column":8},"end":{"line":40,"column":51}},"27":{"start":{"line":41,"column":8},"end":{"line":41,"column":50}},"28":{"start":{"line":42,"column":8},"end":{"line":42,"column":33}},"29":{"start":{"line":43,"column":8},"end":{"line":43,"column":55}},"30":{"start":{"line":44,"column":8},"end":{"line":44,"column":18}},"31":{"start":{"line":47,"column":4},"end":{"line":106,"column":6}},"32":{"start":{"line":50,"column":8},"end":{"line":56,"column":9}},"33":{"start":{"line":51,"column":12},"end":{"line":55,"column":44}},"34":{"start":{"line":53,"column":20},"end":{"line":53,"column":62}},"35":{"start":{"line":55,"column":30},"end":{"line":55,"column":43}},"36":{"start":{"line":58,"column":8},"end":{"line":65,"column":9}},"37":{"start":{"line":59,"column":12},"end":{"line":64,"column":18}},"38":{"start":{"line":61,"column":20},"end":{"line":61,"column":48}},"39":{"start":{"line":62,"column":20},"end":{"line":62,"column":58}},"40":{"start":{"line":63,"column":20},"end":{"line":63,"column":44}},"41":{"start":{"line":66,"column":8},"end":{"line":77,"column":10}},"42":{"start":{"line":67,"column":12},"end":{"line":67,"column":48}},"43":{"start":{"line":69,"column":12},"end":{"line":76,"column":13}},"44":{"start":{"line":70,"column":16},"end":{"line":70,"column":55}},"45":{"start":{"line":72,"column":16},"end":{"line":72,"column":66}},"46":{"start":{"line":74,"column":16},"end":{"line":74,"column":38}},"47":{"start":{"line":75,"column":16},"end":{"line":75,"column":67}},"48":{"start":{"line":79,"column":8},"end":{"line":90,"column":10}},"49":{"start":{"line":80,"column":12},"end":{"line":80,"column":45}},"50":{"start":{"line":82,"column":12},"end":{"line":89,"column":13}},"51":{"start":{"line":83,"column":16},"end":{"line":83,"column":55}},"52":{"start":{"line":85,"column":16},"end":{"line":85,"column":66}},"53":{"start":{"line":87,"column":16},"end":{"line":87,"column":38}},"54":{"start":{"line":88,"column":16},"end":{"line":88,"column":67}},"55":{"start":{"line":92,"column":8},"end":{"line":104,"column":10}},"56":{"start":{"line":93,"column":12},"end":{"line":93,"column":48}},"57":{"start":{"line":94,"column":12},"end":{"line":94,"column":45}},"58":{"start":{"line":96,"column":12},"end":{"line":103,"column":13}},"59":{"start":{"line":97,"column":16},"end":{"line":97,"column":55}},"60":{"start":{"line":99,"column":16},"end":{"line":99,"column":66}},"61":{"start":{"line":101,"column":16},"end":{"line":101,"column":38}},"62":{"start":{"line":102,"column":16},"end":{"line":102,"column":67}},"63":{"start":{"line":107,"column":4},"end":{"line":162,"column":6}},"64":{"start":{"line":109,"column":8},"end":{"line":139,"column":10}},"65":{"start":{"line":110,"column":12},"end":{"line":110,"column":21}},"66":{"start":{"line":111,"column":12},"end":{"line":113,"column":67}},"67":{"start":{"line":112,"column":16},"end":{"line":112,"column":49}},"68":{"start":{"line":115,"column":12},"end":{"line":115,"column":25}},"69":{"start":{"line":116,"column":12},"end":{"line":118,"column":67}},"70":{"start":{"line":117,"column":16},"end":{"line":117,"column":49}},"71":{"start":{"line":120,"column":12},"end":{"line":120,"column":29}},"72":{"start":{"line":121,"column":12},"end":{"line":123,"column":67}},"73":{"start":{"line":122,"column":16},"end":{"line":122,"column":49}},"74":{"start":{"line":125,"column":12},"end":{"line":125,"column":22}},"75":{"start":{"line":126,"column":12},"end":{"line":128,"column":67}},"76":{"start":{"line":127,"column":16},"end":{"line":127,"column":49}},"77":{"start":{"line":130,"column":12},"end":{"line":130,"column":32}},"78":{"start":{"line":131,"column":12},"end":{"line":133,"column":65}},"79":{"start":{"line":132,"column":16},"end":{"line":132,"column":49}},"80":{"start":{"line":135,"column":12},"end":{"line":135,"column":36}},"81":{"start":{"line":136,"column":12},"end":{"line":138,"column":65}},"82":{"start":{"line":137,"column":16},"end":{"line":137,"column":49}},"83":{"start":{"line":141,"column":8},"end":{"line":161,"column":10}},"84":{"start":{"line":142,"column":12},"end":{"line":142,"column":24}},"85":{"start":{"line":143,"column":12},"end":{"line":145,"column":73}},"86":{"start":{"line":144,"column":16},"end":{"line":144,"column":49}},"87":{"start":{"line":147,"column":12},"end":{"line":147,"column":28}},"88":{"start":{"line":148,"column":12},"end":{"line":150,"column":73}},"89":{"start":{"line":149,"column":16},"end":{"line":149,"column":49}},"90":{"start":{"line":152,"column":12},"end":{"line":152,"column":32}},"91":{"start":{"line":153,"column":12},"end":{"line":155,"column":73}},"92":{"start":{"line":154,"column":16},"end":{"line":154,"column":49}},"93":{"start":{"line":157,"column":12},"end":{"line":157,"column":25}},"94":{"start":{"line":158,"column":12},"end":{"line":160,"column":73}},"95":{"start":{"line":159,"column":16},"end":{"line":159,"column":49}},"96":{"start":{"line":164,"column":4},"end":{"line":167,"column":6}},"97":{"start":{"line":165,"column":8},"end":{"line":165,"column":48}},"98":{"start":{"line":166,"column":8},"end":{"line":166,"column":42}}},"fnMap":{"0":{"name":"(anonymous_0)","decl":{"start":{"line":11,"column":29},"end":{"line":11,"column":30}},"loc":{"start":{"line":11,"column":35},"end":{"line":171,"column":1}},"line":11},"1":{"name":"(anonymous_1)","decl":{"start":{"line":12,"column":11},"end":{"line":12,"column":12}},"loc":{"start":{"line":13,"column":8},"end":{"line":14,"column":42}},"line":13},"2":{"name":"(anonymous_2)","decl":{"start":{"line":14,"column":18},"end":{"line":14,"column":19}},"loc":{"start":{"line":14,"column":24},"end":{"line":14,"column":41}},"line":14},"3":{"name":"(anonymous_3)","decl":{"start":{"line":22,"column":16},"end":{"line":22,"column":17}},"loc":{"start":{"line":22,"column":22},"end":{"line":45,"column":5}},"line":22},"4":{"name":"(anonymous_4)","decl":{"start":{"line":47,"column":41},"end":{"line":47,"column":42}},"loc":{"start":{"line":47,"column":47},"end":{"line":106,"column":5}},"line":47},"5":{"name":"(anonymous_5)","decl":{"start":{"line":50,"column":19},"end":{"line":50,"column":20}},"loc":{"start":{"line":51,"column":12},"end":{"line":55,"column":44}},"line":51},"6":{"name":"(anonymous_6)","decl":{"start":{"line":52,"column":22},"end":{"line":52,"column":23}},"loc":{"start":{"line":53,"column":20},"end":{"line":53,"column":62}},"line":53},"7":{"name":"(anonymous_7)","decl":{"start":{"line":55,"column":22},"end":{"line":55,"column":23}},"loc":{"start":{"line":55,"column":30},"end":{"line":55,"column":43}},"line":55},"8":{"name":"(anonymous_8)","decl":{"start":{"line":58,"column":72},"end":{"line":58,"column":73}},"loc":{"start":{"line":59,"column":12},"end":{"line":64,"column":18}},"line":59},"9":{"name":"(anonymous_9)","decl":{"start":{"line":60,"column":22},"end":{"line":60,"column":23}},"loc":{"start":{"line":60,"column":28},"end":{"line":64,"column":17}},"line":60},"10":{"name":"(anonymous_10)","decl":{"start":{"line":66,"column":45},"end":{"line":66,"column":46}},"loc":{"start":{"line":66,"column":57},"end":{"line":77,"column":9}},"line":66},"11":{"name":"(anonymous_11)","decl":{"start":{"line":79,"column":48},"end":{"line":79,"column":49}},"loc":{"start":{"line":79,"column":60},"end":{"line":90,"column":9}},"line":79},"12":{"name":"(anonymous_12)","decl":{"start":{"line":92,"column":51},"end":{"line":92,"column":52}},"loc":{"start":{"line":92,"column":63},"end":{"line":104,"column":9}},"line":92},"13":{"name":"(anonymous_13)","decl":{"start":{"line":107,"column":30},"end":{"line":107,"column":31}},"loc":{"start":{"line":107,"column":36},"end":{"line":162,"column":5}},"line":107},"14":{"name":"(anonymous_14)","decl":{"start":{"line":109,"column":62},"end":{"line":109,"column":63}},"loc":{"start":{"line":109,"column":68},"end":{"line":139,"column":9}},"line":109},"15":{"name":"(anonymous_15)","decl":{"start":{"line":111,"column":19},"end":{"line":111,"column":20}},"loc":{"start":{"line":112,"column":16},"end":{"line":112,"column":49}},"line":112},"16":{"name":"(anonymous_16)","decl":{"start":{"line":116,"column":19},"end":{"line":116,"column":20}},"loc":{"start":{"line":117,"column":16},"end":{"line":117,"column":49}},"line":117},"17":{"name":"(anonymous_17)","decl":{"start":{"line":121,"column":19},"end":{"line":121,"column":20}},"loc":{"start":{"line":122,"column":16},"end":{"line":122,"column":49}},"line":122},"18":{"name":"(anonymous_18)","decl":{"start":{"line":126,"column":19},"end":{"line":126,"column":20}},"loc":{"start":{"line":127,"column":16},"end":{"line":127,"column":49}},"line":127},"19":{"name":"(anonymous_19)","decl":{"start":{"line":131,"column":19},"end":{"line":131,"column":20}},"loc":{"start":{"line":132,"column":16},"end":{"line":132,"column":49}},"line":132},"20":{"name":"(anonymous_20)","decl":{"start":{"line":136,"column":19},"end":{"line":136,"column":20}},"loc":{"start":{"line":137,"column":16},"end":{"line":137,"column":49}},"line":137},"21":{"name":"(anonymous_21)","decl":{"start":{"line":141,"column":51},"end":{"line":141,"column":52}},"loc":{"start":{"line":141,"column":57},"end":{"line":161,"column":9}},"line":141},"22":{"name":"(anonymous_22)","decl":{"start":{"line":143,"column":19},"end":{"line":143,"column":20}},"loc":{"start":{"line":144,"column":16},"end":{"line":144,"column":49}},"line":144},"23":{"name":"(anonymous_23)","decl":{"start":{"line":148,"column":19},"end":{"line":148,"column":20}},"loc":{"start":{"line":149,"column":16},"end":{"line":149,"column":49}},"line":149},"24":{"name":"(anonymous_24)","decl":{"start":{"line":153,"column":19},"end":{"line":153,"column":20}},"loc":{"start":{"line":154,"column":16},"end":{"line":154,"column":49}},"line":154},"25":{"name":"(anonymous_25)","decl":{"start":{"line":158,"column":19},"end":{"line":158,"column":20}},"loc":{"start":{"line":159,"column":16},"end":{"line":159,"column":49}},"line":159},"26":{"name":"(anonymous_26)","decl":{"start":{"line":164,"column":10},"end":{"line":164,"column":11}},"loc":{"start":{"line":164,"column":22},"end":{"line":167,"column":5}},"line":164}},"branchMap":{},"s":{"0":1,"1":1,"2":1,"3":1,"4":1,"5":1,"6":1,"7":1,"8":1,"9":1,"10":1,"11":1,"12":1,"13":6,"14":6,"15":6,"16":6,"17":6,"18":6,"19":6,"20":6,"21":6,"22":6,"23":6,"24":6,"25":6,"26":6,"27":6,"28":6,"29":6,"30":6,"31":1,"32":1,"33":4,"34":4,"35":4,"36":1,"37":1,"38":1,"39":1,"40":1,"41":1,"42":1,"43":1,"44":1,"45":0,"46":1,"47":1,"48":1,"49":1,"50":1,"51":1,"52":0,"53":1,"54":1,"55":1,"56":1,"57":1,"58":1,"59":1,"60":0,"61":1,"62":1,"63":1,"64":1,"65":1,"66":1,"67":1,"68":1,"69":1,"70":1,"71":1,"72":1,"73":1,"74":1,"75":1,"76":1,"77":1,"78":1,"79":1,"80":1,"81":1,"82":1,"83":1,"84":1,"85":1,"86":1,"87":1,"88":1,"89":1,"90":1,"91":1,"92":1,"93":1,"94":1,"95":1,"96":1,"97":1,"98":1},"f":{"0":1,"1":1,"2":1,"3":6,"4":1,"5":4,"6":4,"7":4,"8":1,"9":1,"10":1,"11":1,"12":1,"13":1,"14":1,"15":1,"16":1,"17":1,"18":1,"19":1,"20":1,"21":1,"22":1,"23":1,"24":1,"25":1,"26":1},"b":{},"_coverageSchema":"1a1c01bbd47fc00a2c39e90264f33305004495a9","hash":"9eac3471150f2d02e26e897b580384e2cac033cb","contentHash":"5c4be32ecf9d265ef6f283b15284cb33d2067c4a91918b4c906ca17d06e6daf1"},"/Users/sergibittangonzalez/bootcamp/collab/skylab-bootcamp-202001/staff/sergi-bittan/diet-yourself/diet-yourself-api/logic/authenticate-user.js":{"path":"/Users/sergibittangonzalez/bootcamp/collab/skylab-bootcamp-202001/staff/sergi-bittan/diet-yourself/diet-yourself-api/logic/authenticate-user.js","statementMap":{"0":{"start":{"line":1,"column":21},"end":{"line":1,"column":51}},"1":{"start":{"line":2,"column":29},"end":{"line":2,"column":58}},"2":{"start":{"line":3,"column":28},"end":{"line":3,"column":59}},"3":{"start":{"line":4,"column":15},"end":{"line":4,"column":34}},"4":{"start":{"line":18,"column":0},"end":{"line":38,"column":1}},"5":{"start":{"line":19,"column":4},"end":{"line":19,"column":35}},"6":{"start":{"line":20,"column":4},"end":{"line":20,"column":25}},"7":{"start":{"line":21,"column":4},"end":{"line":21,"column":41}},"8":{"start":{"line":24,"column":4},"end":{"line":37,"column":10}},"9":{"start":{"line":26,"column":12},"end":{"line":26,"column":69}},"10":{"start":{"line":26,"column":23},"end":{"line":26,"column":69}},"11":{"start":{"line":28,"column":12},"end":{"line":36,"column":37}},"12":{"start":{"line":30,"column":20},"end":{"line":30,"column":86}},"13":{"start":{"line":30,"column":40},"end":{"line":30,"column":86}},"14":{"start":{"line":32,"column":20},"end":{"line":32,"column":49}},"15":{"start":{"line":34,"column":20},"end":{"line":34,"column":38}},"16":{"start":{"line":36,"column":34},"end":{"line":36,"column":36}}},"fnMap":{"0":{"name":"(anonymous_0)","decl":{"start":{"line":18,"column":17},"end":{"line":18,"column":18}},"loc":{"start":{"line":18,"column":38},"end":{"line":38,"column":1}},"line":18},"1":{"name":"(anonymous_1)","decl":{"start":{"line":25,"column":14},"end":{"line":25,"column":15}},"loc":{"start":{"line":25,"column":22},"end":{"line":37,"column":9}},"line":25},"2":{"name":"(anonymous_2)","decl":{"start":{"line":29,"column":22},"end":{"line":29,"column":23}},"loc":{"start":{"line":29,"column":39},"end":{"line":35,"column":17}},"line":29},"3":{"name":"(anonymous_3)","decl":{"start":{"line":36,"column":22},"end":{"line":36,"column":23}},"loc":{"start":{"line":36,"column":34},"end":{"line":36,"column":36}},"line":36}},"branchMap":{"0":{"loc":{"start":{"line":26,"column":12},"end":{"line":26,"column":69}},"type":"if","locations":[{"start":{"line":26,"column":12},"end":{"line":26,"column":69}},{"start":{"line":26,"column":12},"end":{"line":26,"column":69}}],"line":26},"1":{"loc":{"start":{"line":30,"column":20},"end":{"line":30,"column":86}},"type":"if","locations":[{"start":{"line":30,"column":20},"end":{"line":30,"column":86}},{"start":{"line":30,"column":20},"end":{"line":30,"column":86}}],"line":30}},"s":{"0":1,"1":1,"2":1,"3":1,"4":1,"5":14,"6":10,"7":8,"8":4,"9":4,"10":2,"11":2,"12":2,"13":1,"14":1,"15":1,"16":1},"f":{"0":14,"1":4,"2":2,"3":1},"b":{"0":[2,2],"1":[1,1]},"_coverageSchema":"1a1c01bbd47fc00a2c39e90264f33305004495a9","hash":"8855c49b5fd52773ae4083b736a6535ed59cc21d","contentHash":"e0a3dac12f97eb357872b73494dec6295b06c8fc7b1d827d0803de2d13fa929b"},"/Users/sergibittangonzalez/bootcamp/collab/skylab-bootcamp-202001/staff/sergi-bittan/diet-yourself/diet-yourself-api/logic/register-user.spec.js":{"path":"/Users/sergibittangonzalez/bootcamp/collab/skylab-bootcamp-202001/staff/sergi-bittan/diet-yourself/diet-yourself-api/logic/register-user.spec.js","statementMap":{"0":{"start":{"line":1,"column":0},"end":{"line":1,"column":26}},"1":{"start":{"line":3,"column":19},"end":{"line":3,"column":34}},"2":{"start":{"line":4,"column":26},"end":{"line":4,"column":30}},"3":{"start":{"line":5,"column":39},"end":{"line":5,"column":68}},"4":{"start":{"line":6,"column":28},"end":{"line":6,"column":59}},"5":{"start":{"line":7,"column":21},"end":{"line":7,"column":47}},"6":{"start":{"line":8,"column":15},"end":{"line":8,"column":34}},"7":{"start":{"line":10,"column":38},"end":{"line":10,"column":45}},"8":{"start":{"line":12,"column":0},"end":{"line":149,"column":2}},"9":{"start":{"line":16,"column":4},"end":{"line":19,"column":5}},"10":{"start":{"line":17,"column":8},"end":{"line":18,"column":42}},"11":{"start":{"line":18,"column":24},"end":{"line":18,"column":41}},"12":{"start":{"line":21,"column":4},"end":{"line":45,"column":6}},"13":{"start":{"line":22,"column":8},"end":{"line":22,"column":70}},"14":{"start":{"line":23,"column":8},"end":{"line":23,"column":90}},"15":{"start":{"line":24,"column":8},"end":{"line":24,"column":36}},"16":{"start":{"line":26,"column":8},"end":{"line":26,"column":49}},"17":{"start":{"line":27,"column":8},"end":{"line":27,"column":53}},"18":{"start":{"line":28,"column":8},"end":{"line":28,"column":51}},"19":{"start":{"line":31,"column":8},"end":{"line":31,"column":41}},"20":{"start":{"line":32,"column":8},"end":{"line":32,"column":44}},"21":{"start":{"line":33,"column":8},"end":{"line":33,"column":41}},"22":{"start":{"line":34,"column":8},"end":{"line":34,"column":31}},"23":{"start":{"line":35,"column":8},"end":{"line":35,"column":44}},"24":{"start":{"line":36,"column":8},"end":{"line":36,"column":37}},"25":{"start":{"line":37,"column":8},"end":{"line":37,"column":46}},"26":{"start":{"line":38,"column":8},"end":{"line":38,"column":51}},"27":{"start":{"line":39,"column":8},"end":{"line":39,"column":50}},"28":{"start":{"line":40,"column":8},"end":{"line":40,"column":33}},"29":{"start":{"line":41,"column":8},"end":{"line":41,"column":55}},"30":{"start":{"line":42,"column":8},"end":{"line":42,"column":18}},"31":{"start":{"line":47,"column":4},"end":{"line":72,"column":6}},"32":{"start":{"line":49,"column":8},"end":{"line":70,"column":10}},"33":{"start":{"line":50,"column":12},"end":{"line":50,"column":20}},"34":{"start":{"line":52,"column":25},"end":{"line":52,"column":134}},"35":{"start":{"line":54,"column":12},"end":{"line":54,"column":33}},"36":{"start":{"line":55,"column":12},"end":{"line":55,"column":45}},"37":{"start":{"line":56,"column":12},"end":{"line":56,"column":52}},"38":{"start":{"line":58,"column":12},"end":{"line":58,"column":46}},"39":{"start":{"line":59,"column":12},"end":{"line":59,"column":44}},"40":{"start":{"line":60,"column":12},"end":{"line":60,"column":52}},"41":{"start":{"line":61,"column":12},"end":{"line":61,"column":48}},"42":{"start":{"line":62,"column":12},"end":{"line":62,"column":42}},"43":{"start":{"line":63,"column":12},"end":{"line":63,"column":48}},"44":{"start":{"line":64,"column":12},"end":{"line":64,"column":48}},"45":{"start":{"line":65,"column":12},"end":{"line":65,"column":44}},"46":{"start":{"line":66,"column":12},"end":{"line":66,"column":58}},"47":{"start":{"line":74,"column":4},"end":{"line":97,"column":6}},"48":{"start":{"line":76,"column":8},"end":{"line":80,"column":9}},"49":{"start":{"line":77,"column":12},"end":{"line":79,"column":43}},"50":{"start":{"line":79,"column":34},"end":{"line":79,"column":42}},"51":{"start":{"line":82,"column":8},"end":{"line":96,"column":10}},"52":{"start":{"line":83,"column":12},"end":{"line":95,"column":13}},"53":{"start":{"line":84,"column":16},"end":{"line":84,"column":125}},"54":{"start":{"line":86,"column":16},"end":{"line":86,"column":58}},"55":{"start":{"line":89,"column":16},"end":{"line":89,"column":38}},"56":{"start":{"line":91,"column":16},"end":{"line":91,"column":46}},"57":{"start":{"line":92,"column":16},"end":{"line":92,"column":63}},"58":{"start":{"line":93,"column":16},"end":{"line":93,"column":65}},"59":{"start":{"line":94,"column":16},"end":{"line":94,"column":89}},"60":{"start":{"line":147,"column":4},"end":{"line":147,"column":68}},"61":{"start":{"line":147,"column":16},"end":{"line":147,"column":67}},"62":{"start":{"line":147,"column":45},"end":{"line":147,"column":66}}},"fnMap":{"0":{"name":"(anonymous_0)","decl":{"start":{"line":12,"column":25},"end":{"line":12,"column":26}},"loc":{"start":{"line":12,"column":31},"end":{"line":149,"column":1}},"line":12},"1":{"name":"(anonymous_1)","decl":{"start":{"line":16,"column":11},"end":{"line":16,"column":12}},"loc":{"start":{"line":17,"column":8},"end":{"line":18,"column":42}},"line":17},"2":{"name":"(anonymous_2)","decl":{"start":{"line":18,"column":18},"end":{"line":18,"column":19}},"loc":{"start":{"line":18,"column":24},"end":{"line":18,"column":41}},"line":18},"3":{"name":"(anonymous_3)","decl":{"start":{"line":21,"column":15},"end":{"line":21,"column":16}},"loc":{"start":{"line":21,"column":27},"end":{"line":45,"column":5}},"line":21},"4":{"name":"(anonymous_4)","decl":{"start":{"line":47,"column":41},"end":{"line":47,"column":42}},"loc":{"start":{"line":47,"column":47},"end":{"line":72,"column":5}},"line":47},"5":{"name":"(anonymous_5)","decl":{"start":{"line":49,"column":50},"end":{"line":49,"column":51}},"loc":{"start":{"line":49,"column":62},"end":{"line":70,"column":9}},"line":49},"6":{"name":"(anonymous_6)","decl":{"start":{"line":74,"column":41},"end":{"line":74,"column":42}},"loc":{"start":{"line":74,"column":47},"end":{"line":97,"column":5}},"line":74},"7":{"name":"(anonymous_7)","decl":{"start":{"line":76,"column":19},"end":{"line":76,"column":20}},"loc":{"start":{"line":77,"column":12},"end":{"line":79,"column":43}},"line":77},"8":{"name":"(anonymous_8)","decl":{"start":{"line":79,"column":22},"end":{"line":79,"column":23}},"loc":{"start":{"line":79,"column":34},"end":{"line":79,"column":42}},"line":79},"9":{"name":"(anonymous_9)","decl":{"start":{"line":82,"column":51},"end":{"line":82,"column":52}},"loc":{"start":{"line":82,"column":63},"end":{"line":96,"column":9}},"line":82},"10":{"name":"(anonymous_10)","decl":{"start":{"line":147,"column":10},"end":{"line":147,"column":11}},"loc":{"start":{"line":147,"column":16},"end":{"line":147,"column":67}},"line":147},"11":{"name":"(anonymous_11)","decl":{"start":{"line":147,"column":39},"end":{"line":147,"column":40}},"loc":{"start":{"line":147,"column":45},"end":{"line":147,"column":66}},"line":147}},"branchMap":{},"s":{"0":1,"1":1,"2":1,"3":1,"4":1,"5":1,"6":1,"7":1,"8":1,"9":1,"10":1,"11":1,"12":1,"13":2,"14":2,"15":2,"16":2,"17":2,"18":2,"19":2,"20":2,"21":2,"22":2,"23":2,"24":2,"25":2,"26":2,"27":2,"28":2,"29":2,"30":2,"31":1,"32":1,"33":1,"34":1,"35":1,"36":1,"37":1,"38":1,"39":1,"40":1,"41":1,"42":1,"43":1,"44":1,"45":1,"46":1,"47":1,"48":1,"49":1,"50":1,"51":1,"52":1,"53":1,"54":0,"55":1,"56":1,"57":1,"58":1,"59":1,"60":1,"61":1,"62":1},"f":{"0":1,"1":1,"2":1,"3":2,"4":1,"5":1,"6":1,"7":1,"8":1,"9":1,"10":1,"11":1},"b":{},"_coverageSchema":"1a1c01bbd47fc00a2c39e90264f33305004495a9","hash":"8d10e2bb7f15ef2e51e8576c81240cf1453fe3a6","contentHash":"1e37176e1c4c14086f2852e4e6e3743144cf2190a2136a132d2b22063c563f94"},"/Users/sergibittangonzalez/bootcamp/collab/skylab-bootcamp-202001/staff/sergi-bittan/diet-yourself/diet-yourself-api/logic/register-user.js":{"path":"/Users/sergibittangonzalez/bootcamp/collab/skylab-bootcamp-202001/staff/sergi-bittan/diet-yourself/diet-yourself-api/logic/register-user.js","statementMap":{"0":{"start":{"line":2,"column":21},"end":{"line":2,"column":51}},"1":{"start":{"line":3,"column":29},"end":{"line":3,"column":58}},"2":{"start":{"line":4,"column":28},"end":{"line":4,"column":59}},"3":{"start":{"line":5,"column":30},"end":{"line":5,"column":50}},"4":{"start":{"line":6,"column":15},"end":{"line":6,"column":34}},"5":{"start":{"line":8,"column":0},"end":{"line":51,"column":1}},"6":{"start":{"line":9,"column":4},"end":{"line":9,"column":12}},"7":{"start":{"line":10,"column":4},"end":{"line":10,"column":41}},"8":{"start":{"line":11,"column":4},"end":{"line":11,"column":35}},"9":{"start":{"line":12,"column":4},"end":{"line":12,"column":25}},"10":{"start":{"line":13,"column":4},"end":{"line":13,"column":41}},"11":{"start":{"line":14,"column":4},"end":{"line":14,"column":33}},"12":{"start":{"line":15,"column":4},"end":{"line":15,"column":41}},"13":{"start":{"line":16,"column":4},"end":{"line":16,"column":37}},"14":{"start":{"line":17,"column":4},"end":{"line":17,"column":37}},"15":{"start":{"line":18,"column":4},"end":{"line":18,"column":43}},"16":{"start":{"line":19,"column":4},"end":{"line":19,"column":43}},"17":{"start":{"line":20,"column":4},"end":{"line":20,"column":33}},"18":{"start":{"line":21,"column":4},"end":{"line":21,"column":53}},"19":{"start":{"line":24,"column":4},"end":{"line":49,"column":10}},"20":{"start":{"line":26,"column":12},"end":{"line":26,"column":90}},"21":{"start":{"line":26,"column":22},"end":{"line":26,"column":90}},"22":{"start":{"line":28,"column":12},"end":{"line":28,"column":44}},"23":{"start":{"line":31,"column":25},"end":{"line":31,"column":128}},"24":{"start":{"line":33,"column":12},"end":{"line":33,"column":30}},"25":{"start":{"line":37,"column":12},"end":{"line":37,"column":42}},"26":{"start":{"line":42,"column":68},"end":{"line":42,"column":72}},"27":{"start":{"line":44,"column":29},"end":{"line":44,"column":103}},"28":{"start":{"line":46,"column":12},"end":{"line":46,"column":36}},"29":{"start":{"line":48,"column":12},"end":{"line":48,"column":30}}},"fnMap":{"0":{"name":"(anonymous_0)","decl":{"start":{"line":8,"column":17},"end":{"line":8,"column":18}},"loc":{"start":{"line":8,"column":112},"end":{"line":51,"column":1}},"line":8},"1":{"name":"(anonymous_1)","decl":{"start":{"line":25,"column":14},"end":{"line":25,"column":15}},"loc":{"start":{"line":25,"column":22},"end":{"line":29,"column":9}},"line":25},"2":{"name":"(anonymous_2)","decl":{"start":{"line":30,"column":14},"end":{"line":30,"column":15}},"loc":{"start":{"line":30,"column":26},"end":{"line":35,"column":9}},"line":30},"3":{"name":"(anonymous_3)","decl":{"start":{"line":36,"column":14},"end":{"line":36,"column":15}},"loc":{"start":{"line":36,"column":20},"end":{"line":38,"column":10}},"line":36},"4":{"name":"(anonymous_4)","decl":{"start":{"line":39,"column":14},"end":{"line":39,"column":15}},"loc":{"start":{"line":39,"column":22},"end":{"line":49,"column":9}},"line":39}},"branchMap":{"0":{"loc":{"start":{"line":26,"column":12},"end":{"line":26,"column":90}},"type":"if","locations":[{"start":{"line":26,"column":12},"end":{"line":26,"column":90}},{"start":{"line":26,"column":12},"end":{"line":26,"column":90}}],"line":26}},"s":{"0":1,"1":1,"2":1,"3":1,"4":1,"5":1,"6":2,"7":2,"8":2,"9":2,"10":2,"11":2,"12":2,"13":2,"14":2,"15":2,"16":2,"17":2,"18":2,"19":2,"20":2,"21":1,"22":1,"23":1,"24":1,"25":1,"26":1,"27":1,"28":1,"29":1},"f":{"0":2,"1":2,"2":1,"3":1,"4":1},"b":{"0":[1,1]},"_coverageSchema":"1a1c01bbd47fc00a2c39e90264f33305004495a9","hash":"68a0cb7e8a619e3322fdd9e1d7e40001ab613db4","contentHash":"0e614eaf8a7ab395fd7bbda6fdaec75cf34d4aaeb70d80497da697a65b468d9d"},"/Users/sergibittangonzalez/bootcamp/collab/skylab-bootcamp-202001/staff/sergi-bittan/diet-yourself/diet-yourself-api/logic/retrieve-diet.spec.js":{"path":"/Users/sergibittangonzalez/bootcamp/collab/skylab-bootcamp-202001/staff/sergi-bittan/diet-yourself/diet-yourself-api/logic/retrieve-diet.spec.js","statementMap":{"0":{"start":{"line":1,"column":0},"end":{"line":1,"column":26}},"1":{"start":{"line":3,"column":38},"end":{"line":3,"column":45}},"2":{"start":{"line":4,"column":45},"end":{"line":4,"column":74}},"3":{"start":{"line":5,"column":19},"end":{"line":5,"column":34}},"4":{"start":{"line":6,"column":19},"end":{"line":6,"column":23}},"5":{"start":{"line":7,"column":21},"end":{"line":7,"column":47}},"6":{"start":{"line":8,"column":15},"end":{"line":8,"column":34}},"7":{"start":{"line":9,"column":26},"end":{"line":9,"column":57}},"8":{"start":{"line":11,"column":42},"end":{"line":11,"column":72}},"9":{"start":{"line":12,"column":28},"end":{"line":12,"column":48}},"10":{"start":{"line":14,"column":0},"end":{"line":132,"column":2}},"11":{"start":{"line":16,"column":4},"end":{"line":19,"column":5}},"12":{"start":{"line":17,"column":8},"end":{"line":18,"column":40}},"13":{"start":{"line":18,"column":24},"end":{"line":18,"column":39}},"14":{"start":{"line":28,"column":22},"end":{"line":28,"column":51}},"15":{"start":{"line":30,"column":25},"end":{"line":30,"column":72}},"16":{"start":{"line":30,"column":46},"end":{"line":30,"column":71}},"17":{"start":{"line":31,"column":23},"end":{"line":31,"column":68}},"18":{"start":{"line":31,"column":44},"end":{"line":31,"column":67}},"19":{"start":{"line":32,"column":21},"end":{"line":32,"column":64}},"20":{"start":{"line":32,"column":42},"end":{"line":32,"column":63}},"21":{"start":{"line":33,"column":24},"end":{"line":33,"column":69}},"22":{"start":{"line":33,"column":45},"end":{"line":33,"column":68}},"23":{"start":{"line":34,"column":23},"end":{"line":34,"column":73}},"24":{"start":{"line":34,"column":44},"end":{"line":34,"column":72}},"25":{"start":{"line":36,"column":23},"end":{"line":36,"column":70}},"26":{"start":{"line":37,"column":21},"end":{"line":37,"column":66}},"27":{"start":{"line":38,"column":19},"end":{"line":38,"column":62}},"28":{"start":{"line":39,"column":22},"end":{"line":39,"column":68}},"29":{"start":{"line":40,"column":26},"end":{"line":40,"column":71}},"30":{"start":{"line":43,"column":4},"end":{"line":101,"column":6}},"31":{"start":{"line":45,"column":8},"end":{"line":45,"column":70}},"32":{"start":{"line":46,"column":8},"end":{"line":46,"column":90}},"33":{"start":{"line":47,"column":8},"end":{"line":47,"column":36}},"34":{"start":{"line":49,"column":8},"end":{"line":49,"column":49}},"35":{"start":{"line":50,"column":8},"end":{"line":50,"column":53}},"36":{"start":{"line":51,"column":8},"end":{"line":51,"column":51}},"37":{"start":{"line":54,"column":8},"end":{"line":54,"column":41}},"38":{"start":{"line":55,"column":8},"end":{"line":55,"column":44}},"39":{"start":{"line":56,"column":8},"end":{"line":56,"column":41}},"40":{"start":{"line":57,"column":8},"end":{"line":57,"column":31}},"41":{"start":{"line":58,"column":8},"end":{"line":58,"column":44}},"42":{"start":{"line":59,"column":8},"end":{"line":59,"column":37}},"43":{"start":{"line":60,"column":8},"end":{"line":60,"column":46}},"44":{"start":{"line":61,"column":8},"end":{"line":61,"column":51}},"45":{"start":{"line":62,"column":8},"end":{"line":62,"column":50}},"46":{"start":{"line":63,"column":8},"end":{"line":63,"column":33}},"47":{"start":{"line":64,"column":8},"end":{"line":64,"column":55}},"48":{"start":{"line":65,"column":8},"end":{"line":65,"column":18}},"49":{"start":{"line":71,"column":8},"end":{"line":71,"column":42}},"50":{"start":{"line":73,"column":8},"end":{"line":73,"column":144}},"51":{"start":{"line":75,"column":8},"end":{"line":75,"column":71}},"52":{"start":{"line":80,"column":21},"end":{"line":80,"column":141}},"53":{"start":{"line":82,"column":8},"end":{"line":82,"column":20}},"54":{"start":{"line":86,"column":8},"end":{"line":86,"column":57}},"55":{"start":{"line":88,"column":8},"end":{"line":88,"column":24}},"56":{"start":{"line":90,"column":8},"end":{"line":90,"column":33}},"57":{"start":{"line":92,"column":8},"end":{"line":92,"column":57}},"58":{"start":{"line":94,"column":8},"end":{"line":94,"column":26}},"59":{"start":{"line":96,"column":8},"end":{"line":96,"column":34}},"60":{"start":{"line":99,"column":8},"end":{"line":99,"column":25}},"61":{"start":{"line":104,"column":4},"end":{"line":113,"column":6}},"62":{"start":{"line":104,"column":59},"end":{"line":104,"column":67}},"63":{"start":{"line":105,"column":42},"end":{"line":105,"column":72}},"64":{"start":{"line":108,"column":8},"end":{"line":108,"column":31}},"65":{"start":{"line":109,"column":8},"end":{"line":109,"column":44}},"66":{"start":{"line":110,"column":8},"end":{"line":110,"column":44}},"67":{"start":{"line":115,"column":4},"end":{"line":127,"column":6}},"68":{"start":{"line":116,"column":26},"end":{"line":116,"column":40}},"69":{"start":{"line":118,"column":8},"end":{"line":126,"column":9}},"70":{"start":{"line":119,"column":12},"end":{"line":119,"column":47}},"71":{"start":{"line":121,"column":12},"end":{"line":121,"column":54}},"72":{"start":{"line":123,"column":12},"end":{"line":123,"column":34}},"73":{"start":{"line":124,"column":12},"end":{"line":124,"column":60}},"74":{"start":{"line":125,"column":12},"end":{"line":125,"column":83}},"75":{"start":{"line":129,"column":4},"end":{"line":130,"column":43}},"76":{"start":{"line":129,"column":16},"end":{"line":130,"column":42}},"77":{"start":{"line":130,"column":20},"end":{"line":130,"column":41}}},"fnMap":{"0":{"name":"(anonymous_0)","decl":{"start":{"line":14,"column":33},"end":{"line":14,"column":34}},"loc":{"start":{"line":14,"column":39},"end":{"line":132,"column":1}},"line":14},"1":{"name":"(anonymous_1)","decl":{"start":{"line":16,"column":11},"end":{"line":16,"column":12}},"loc":{"start":{"line":17,"column":8},"end":{"line":18,"column":40}},"line":17},"2":{"name":"(anonymous_2)","decl":{"start":{"line":18,"column":18},"end":{"line":18,"column":19}},"loc":{"start":{"line":18,"column":24},"end":{"line":18,"column":39}},"line":18},"3":{"name":"(anonymous_3)","decl":{"start":{"line":30,"column":38},"end":{"line":30,"column":39}},"loc":{"start":{"line":30,"column":46},"end":{"line":30,"column":71}},"line":30},"4":{"name":"(anonymous_4)","decl":{"start":{"line":31,"column":36},"end":{"line":31,"column":37}},"loc":{"start":{"line":31,"column":44},"end":{"line":31,"column":67}},"line":31},"5":{"name":"(anonymous_5)","decl":{"start":{"line":32,"column":34},"end":{"line":32,"column":35}},"loc":{"start":{"line":32,"column":42},"end":{"line":32,"column":63}},"line":32},"6":{"name":"(anonymous_6)","decl":{"start":{"line":33,"column":37},"end":{"line":33,"column":38}},"loc":{"start":{"line":33,"column":45},"end":{"line":33,"column":68}},"line":33},"7":{"name":"(anonymous_7)","decl":{"start":{"line":34,"column":36},"end":{"line":34,"column":37}},"loc":{"start":{"line":34,"column":44},"end":{"line":34,"column":72}},"line":34},"8":{"name":"(anonymous_8)","decl":{"start":{"line":43,"column":15},"end":{"line":43,"column":16}},"loc":{"start":{"line":43,"column":27},"end":{"line":101,"column":5}},"line":43},"9":{"name":"(anonymous_9)","decl":{"start":{"line":104,"column":46},"end":{"line":104,"column":47}},"loc":{"start":{"line":104,"column":58},"end":{"line":113,"column":5}},"line":104},"10":{"name":"(anonymous_10)","decl":{"start":{"line":115,"column":39},"end":{"line":115,"column":40}},"loc":{"start":{"line":115,"column":51},"end":{"line":127,"column":5}},"line":115},"11":{"name":"(anonymous_11)","decl":{"start":{"line":129,"column":10},"end":{"line":129,"column":11}},"loc":{"start":{"line":129,"column":16},"end":{"line":130,"column":42}},"line":129},"12":{"name":"(anonymous_12)","decl":{"start":{"line":130,"column":14},"end":{"line":130,"column":15}},"loc":{"start":{"line":130,"column":20},"end":{"line":130,"column":41}},"line":130}},"branchMap":{},"s":{"0":1,"1":1,"2":1,"3":1,"4":1,"5":1,"6":1,"7":1,"8":1,"9":1,"10":1,"11":1,"12":1,"13":1,"14":1,"15":1,"16":90,"17":1,"18":90,"19":1,"20":90,"21":1,"22":90,"23":1,"24":90,"25":1,"26":1,"27":1,"28":1,"29":1,"30":1,"31":2,"32":2,"33":2,"34":2,"35":2,"36":2,"37":2,"38":2,"39":2,"40":2,"41":2,"42":2,"43":2,"44":2,"45":2,"46":2,"47":2,"48":2,"49":2,"50":2,"51":2,"52":2,"53":2,"54":2,"55":2,"56":2,"57":2,"58":2,"59":2,"60":2,"61":1,"62":1,"63":1,"64":1,"65":1,"66":1,"67":1,"68":1,"69":1,"70":1,"71":0,"72":1,"73":1,"74":1,"75":1,"76":1,"77":1},"f":{"0":1,"1":1,"2":1,"3":90,"4":90,"5":90,"6":90,"7":90,"8":2,"9":1,"10":1,"11":1,"12":1},"b":{},"_coverageSchema":"1a1c01bbd47fc00a2c39e90264f33305004495a9","hash":"ad298e1332bd47cbec78c9801cc497bdbbe030e7","contentHash":"0cf8bc49f36a048d8f0bd6b5ba23dad71f782907042ad2e9050043f2177fe147"},"/Users/sergibittangonzalez/bootcamp/collab/skylab-bootcamp-202001/staff/sergi-bittan/diet-yourself/diet-yourself-api/logic/retrieve-diet.js":{"path":"/Users/sergibittangonzalez/bootcamp/collab/skylab-bootcamp-202001/staff/sergi-bittan/diet-yourself/diet-yourself-api/logic/retrieve-diet.js","statementMap":{"0":{"start":{"line":1,"column":39},"end":{"line":1,"column":68}},"1":{"start":{"line":3,"column":21},"end":{"line":3,"column":51}},"2":{"start":{"line":4,"column":26},"end":{"line":4,"column":57}},"3":{"start":{"line":7,"column":0},"end":{"line":36,"column":1}},"4":{"start":{"line":9,"column":4},"end":{"line":9,"column":29}},"5":{"start":{"line":11,"column":4},"end":{"line":11,"column":37}},"6":{"start":{"line":13,"column":4},"end":{"line":34,"column":8}},"7":{"start":{"line":15,"column":21},"end":{"line":15,"column":44}},"8":{"start":{"line":17,"column":8},"end":{"line":17,"column":74}},"9":{"start":{"line":17,"column":19},"end":{"line":17,"column":74}},"10":{"start":{"line":20,"column":22},"end":{"line":20,"column":86}},"11":{"start":{"line":20,"column":55},"end":{"line":20,"column":85}},"12":{"start":{"line":22,"column":8},"end":{"line":22,"column":84}},"13":{"start":{"line":22,"column":25},"end":{"line":22,"column":84}},"14":{"start":{"line":24,"column":21},"end":{"line":24,"column":42}},"15":{"start":{"line":27,"column":57},"end":{"line":27,"column":61}},"16":{"start":{"line":32,"column":8},"end":{"line":32,"column":55}}},"fnMap":{"0":{"name":"(anonymous_0)","decl":{"start":{"line":7,"column":18},"end":{"line":7,"column":19}},"loc":{"start":{"line":7,"column":33},"end":{"line":36,"column":1}},"line":7},"1":{"name":"(anonymous_1)","decl":{"start":{"line":13,"column":12},"end":{"line":13,"column":13}},"loc":{"start":{"line":13,"column":24},"end":{"line":34,"column":5}},"line":13},"2":{"name":"(anonymous_2)","decl":{"start":{"line":20,"column":47},"end":{"line":20,"column":48}},"loc":{"start":{"line":20,"column":55},"end":{"line":20,"column":85}},"line":20}},"branchMap":{"0":{"loc":{"start":{"line":17,"column":8},"end":{"line":17,"column":74}},"type":"if","locations":[{"start":{"line":17,"column":8},"end":{"line":17,"column":74}},{"start":{"line":17,"column":8},"end":{"line":17,"column":74}}],"line":17},"1":{"loc":{"start":{"line":22,"column":8},"end":{"line":22,"column":84}},"type":"if","locations":[{"start":{"line":22,"column":8},"end":{"line":22,"column":84}},{"start":{"line":22,"column":8},"end":{"line":22,"column":84}}],"line":22}},"s":{"0":1,"1":1,"2":1,"3":1,"4":2,"5":2,"6":2,"7":2,"8":2,"9":0,"10":2,"11":3,"12":2,"13":1,"14":1,"15":1,"16":1},"f":{"0":2,"1":2,"2":3},"b":{"0":[0,2],"1":[1,1]},"_coverageSchema":"1a1c01bbd47fc00a2c39e90264f33305004495a9","hash":"7fbf454900f14c2e03efcdab484323581a6c5dac","contentHash":"6f9186b1f4181a586ed637ca6309c0858eef80b344c0d7553b68c8778e1b0c83"},"/Users/sergibittangonzalez/bootcamp/collab/skylab-bootcamp-202001/staff/sergi-bittan/diet-yourself/diet-yourself-api/logic/retrieve-diets.spec.js":{"path":"/Users/sergibittangonzalez/bootcamp/collab/skylab-bootcamp-202001/staff/sergi-bittan/diet-yourself/diet-yourself-api/logic/retrieve-diets.spec.js","statementMap":{"0":{"start":{"line":1,"column":0},"end":{"line":1,"column":26}},"1":{"start":{"line":3,"column":38},"end":{"line":3,"column":45}},"2":{"start":{"line":4,"column":45},"end":{"line":4,"column":74}},"3":{"start":{"line":5,"column":19},"end":{"line":5,"column":34}},"4":{"start":{"line":6,"column":19},"end":{"line":6,"column":23}},"5":{"start":{"line":7,"column":22},"end":{"line":7,"column":49}},"6":{"start":{"line":8,"column":15},"end":{"line":8,"column":34}},"7":{"start":{"line":9,"column":25},"end":{"line":9,"column":56}},"8":{"start":{"line":11,"column":42},"end":{"line":11,"column":72}},"9":{"start":{"line":12,"column":28},"end":{"line":12,"column":48}},"10":{"start":{"line":14,"column":0},"end":{"line":144,"column":2}},"11":{"start":{"line":16,"column":4},"end":{"line":19,"column":5}},"12":{"start":{"line":17,"column":4},"end":{"line":18,"column":36}},"13":{"start":{"line":18,"column":20},"end":{"line":18,"column":35}},"14":{"start":{"line":29,"column":17},"end":{"line":29,"column":19}},"15":{"start":{"line":30,"column":18},"end":{"line":30,"column":20}},"16":{"start":{"line":31,"column":22},"end":{"line":31,"column":51}},"17":{"start":{"line":33,"column":25},"end":{"line":33,"column":72}},"18":{"start":{"line":33,"column":46},"end":{"line":33,"column":71}},"19":{"start":{"line":34,"column":23},"end":{"line":34,"column":68}},"20":{"start":{"line":34,"column":44},"end":{"line":34,"column":67}},"21":{"start":{"line":35,"column":21},"end":{"line":35,"column":64}},"22":{"start":{"line":35,"column":42},"end":{"line":35,"column":63}},"23":{"start":{"line":36,"column":24},"end":{"line":36,"column":69}},"24":{"start":{"line":36,"column":45},"end":{"line":36,"column":68}},"25":{"start":{"line":37,"column":23},"end":{"line":37,"column":73}},"26":{"start":{"line":37,"column":44},"end":{"line":37,"column":72}},"27":{"start":{"line":39,"column":23},"end":{"line":39,"column":70}},"28":{"start":{"line":40,"column":21},"end":{"line":40,"column":66}},"29":{"start":{"line":41,"column":19},"end":{"line":41,"column":62}},"30":{"start":{"line":42,"column":22},"end":{"line":42,"column":68}},"31":{"start":{"line":43,"column":26},"end":{"line":43,"column":71}},"32":{"start":{"line":46,"column":4},"end":{"line":107,"column":6}},"33":{"start":{"line":48,"column":8},"end":{"line":48,"column":69}},"34":{"start":{"line":49,"column":8},"end":{"line":49,"column":88}},"35":{"start":{"line":50,"column":8},"end":{"line":50,"column":35}},"36":{"start":{"line":52,"column":8},"end":{"line":52,"column":49}},"37":{"start":{"line":53,"column":8},"end":{"line":53,"column":53}},"38":{"start":{"line":54,"column":8},"end":{"line":54,"column":51}},"39":{"start":{"line":57,"column":8},"end":{"line":57,"column":41}},"40":{"start":{"line":58,"column":8},"end":{"line":58,"column":44}},"41":{"start":{"line":59,"column":8},"end":{"line":59,"column":41}},"42":{"start":{"line":60,"column":8},"end":{"line":60,"column":30}},"43":{"start":{"line":61,"column":8},"end":{"line":61,"column":42}},"44":{"start":{"line":62,"column":8},"end":{"line":62,"column":36}},"45":{"start":{"line":63,"column":8},"end":{"line":63,"column":46}},"46":{"start":{"line":64,"column":8},"end":{"line":64,"column":51}},"47":{"start":{"line":65,"column":8},"end":{"line":65,"column":50}},"48":{"start":{"line":66,"column":8},"end":{"line":66,"column":33}},"49":{"start":{"line":67,"column":8},"end":{"line":67,"column":55}},"50":{"start":{"line":68,"column":8},"end":{"line":68,"column":18}},"51":{"start":{"line":73,"column":8},"end":{"line":73,"column":42}},"52":{"start":{"line":74,"column":8},"end":{"line":74,"column":43}},"53":{"start":{"line":76,"column":8},"end":{"line":76,"column":144}},"54":{"start":{"line":78,"column":8},"end":{"line":78,"column":145}},"55":{"start":{"line":80,"column":8},"end":{"line":80,"column":71}},"56":{"start":{"line":85,"column":21},"end":{"line":85,"column":141}},"57":{"start":{"line":87,"column":8},"end":{"line":87,"column":20}},"58":{"start":{"line":91,"column":8},"end":{"line":91,"column":16}},"59":{"start":{"line":92,"column":8},"end":{"line":92,"column":64}},"60":{"start":{"line":94,"column":8},"end":{"line":94,"column":24}},"61":{"start":{"line":96,"column":8},"end":{"line":96,"column":33}},"62":{"start":{"line":98,"column":8},"end":{"line":98,"column":75}},"63":{"start":{"line":100,"column":8},"end":{"line":100,"column":26}},"64":{"start":{"line":102,"column":8},"end":{"line":102,"column":34}},"65":{"start":{"line":105,"column":8},"end":{"line":105,"column":25}},"66":{"start":{"line":110,"column":4},"end":{"line":125,"column":6}},"67":{"start":{"line":112,"column":22},"end":{"line":112,"column":45}},"68":{"start":{"line":113,"column":8},"end":{"line":113,"column":30}},"69":{"start":{"line":114,"column":8},"end":{"line":114,"column":48}},"70":{"start":{"line":115,"column":8},"end":{"line":115,"column":54}},"71":{"start":{"line":117,"column":8},"end":{"line":117,"column":48}},"72":{"start":{"line":119,"column":8},"end":{"line":119,"column":49}},"73":{"start":{"line":120,"column":8},"end":{"line":120,"column":54}},"74":{"start":{"line":122,"column":8},"end":{"line":122,"column":48}},"75":{"start":{"line":127,"column":4},"end":{"line":139,"column":6}},"76":{"start":{"line":127,"column":52},"end":{"line":127,"column":60}},"77":{"start":{"line":128,"column":22},"end":{"line":128,"column":36}},"78":{"start":{"line":130,"column":8},"end":{"line":138,"column":9}},"79":{"start":{"line":131,"column":12},"end":{"line":131,"column":40}},"80":{"start":{"line":133,"column":12},"end":{"line":133,"column":54}},"81":{"start":{"line":135,"column":12},"end":{"line":135,"column":34}},"82":{"start":{"line":136,"column":12},"end":{"line":136,"column":60}},"83":{"start":{"line":137,"column":12},"end":{"line":137,"column":79}},"84":{"start":{"line":141,"column":3},"end":{"line":142,"column":43}},"85":{"start":{"line":141,"column":15},"end":{"line":142,"column":42}},"86":{"start":{"line":142,"column":20},"end":{"line":142,"column":41}}},"fnMap":{"0":{"name":"(anonymous_0)","decl":{"start":{"line":14,"column":27},"end":{"line":14,"column":28}},"loc":{"start":{"line":14,"column":33},"end":{"line":144,"column":1}},"line":14},"1":{"name":"(anonymous_1)","decl":{"start":{"line":16,"column":11},"end":{"line":16,"column":12}},"loc":{"start":{"line":17,"column":4},"end":{"line":18,"column":36}},"line":17},"2":{"name":"(anonymous_2)","decl":{"start":{"line":18,"column":14},"end":{"line":18,"column":15}},"loc":{"start":{"line":18,"column":20},"end":{"line":18,"column":35}},"line":18},"3":{"name":"(anonymous_3)","decl":{"start":{"line":33,"column":38},"end":{"line":33,"column":39}},"loc":{"start":{"line":33,"column":46},"end":{"line":33,"column":71}},"line":33},"4":{"name":"(anonymous_4)","decl":{"start":{"line":34,"column":36},"end":{"line":34,"column":37}},"loc":{"start":{"line":34,"column":44},"end":{"line":34,"column":67}},"line":34},"5":{"name":"(anonymous_5)","decl":{"start":{"line":35,"column":34},"end":{"line":35,"column":35}},"loc":{"start":{"line":35,"column":42},"end":{"line":35,"column":63}},"line":35},"6":{"name":"(anonymous_6)","decl":{"start":{"line":36,"column":37},"end":{"line":36,"column":38}},"loc":{"start":{"line":36,"column":45},"end":{"line":36,"column":68}},"line":36},"7":{"name":"(anonymous_7)","decl":{"start":{"line":37,"column":36},"end":{"line":37,"column":37}},"loc":{"start":{"line":37,"column":44},"end":{"line":37,"column":72}},"line":37},"8":{"name":"(anonymous_8)","decl":{"start":{"line":46,"column":15},"end":{"line":46,"column":16}},"loc":{"start":{"line":46,"column":27},"end":{"line":107,"column":5}},"line":46},"9":{"name":"(anonymous_9)","decl":{"start":{"line":110,"column":51},"end":{"line":110,"column":52}},"loc":{"start":{"line":110,"column":63},"end":{"line":125,"column":5}},"line":110},"10":{"name":"(anonymous_10)","decl":{"start":{"line":127,"column":39},"end":{"line":127,"column":40}},"loc":{"start":{"line":127,"column":51},"end":{"line":139,"column":5}},"line":127},"11":{"name":"(anonymous_11)","decl":{"start":{"line":141,"column":9},"end":{"line":141,"column":10}},"loc":{"start":{"line":141,"column":15},"end":{"line":142,"column":42}},"line":141},"12":{"name":"(anonymous_12)","decl":{"start":{"line":142,"column":14},"end":{"line":142,"column":15}},"loc":{"start":{"line":142,"column":20},"end":{"line":142,"column":41}},"line":142}},"branchMap":{},"s":{"0":1,"1":1,"2":1,"3":1,"4":1,"5":1,"6":1,"7":1,"8":1,"9":1,"10":1,"11":1,"12":1,"13":1,"14":1,"15":1,"16":1,"17":1,"18":90,"19":1,"20":90,"21":1,"22":90,"23":1,"24":90,"25":1,"26":90,"27":1,"28":1,"29":1,"30":1,"31":1,"32":1,"33":2,"34":2,"35":2,"36":2,"37":2,"38":2,"39":2,"40":2,"41":2,"42":2,"43":2,"44":2,"45":2,"46":2,"47":2,"48":2,"49":2,"50":2,"51":2,"52":2,"53":2,"54":2,"55":2,"56":2,"57":2,"58":2,"59":2,"60":2,"61":2,"62":2,"63":2,"64":2,"65":2,"66":1,"67":1,"68":1,"69":1,"70":1,"71":1,"72":1,"73":1,"74":1,"75":1,"76":1,"77":1,"78":1,"79":1,"80":0,"81":1,"82":1,"83":1,"84":1,"85":1,"86":1},"f":{"0":1,"1":1,"2":1,"3":90,"4":90,"5":90,"6":90,"7":90,"8":2,"9":1,"10":1,"11":1,"12":1},"b":{},"_coverageSchema":"1a1c01bbd47fc00a2c39e90264f33305004495a9","hash":"bd8cb5b1b73d27d863432bb42223a2d3a05e88d9","contentHash":"010975a4c85bce44c5a4ac8bfaaed0f6ce267e26b21980ced7a97aba40b7dca6"},"/Users/sergibittangonzalez/bootcamp/collab/skylab-bootcamp-202001/staff/sergi-bittan/diet-yourself/diet-yourself-api/logic/retrieve-diets.js":{"path":"/Users/sergibittangonzalez/bootcamp/collab/skylab-bootcamp-202001/staff/sergi-bittan/diet-yourself/diet-yourself-api/logic/retrieve-diets.js","statementMap":{"0":{"start":{"line":1,"column":29},"end":{"line":1,"column":58}},"1":{"start":{"line":3,"column":21},"end":{"line":3,"column":51}},"2":{"start":{"line":4,"column":26},"end":{"line":4,"column":57}},"3":{"start":{"line":7,"column":0},"end":{"line":41,"column":1}},"4":{"start":{"line":9,"column":4},"end":{"line":9,"column":29}},"5":{"start":{"line":11,"column":4},"end":{"line":39,"column":8}},"6":{"start":{"line":13,"column":21},"end":{"line":13,"column":44}},"7":{"start":{"line":15,"column":8},"end":{"line":15,"column":74}},"8":{"start":{"line":15,"column":19},"end":{"line":15,"column":74}},"9":{"start":{"line":18,"column":22},"end":{"line":18,"column":36}},"10":{"start":{"line":20,"column":26},"end":{"line":20,"column":28}},"11":{"start":{"line":23,"column":9},"end":{"line":23,"column":43}},"12":{"start":{"line":23,"column":27},"end":{"line":23,"column":43}},"13":{"start":{"line":26,"column":8},"end
[...]
:52}},"43":{"start":{"line":63,"column":20},"end":{"line":63,"column":60}},"44":{"start":{"line":64,"column":20},"end":{"line":64,"column":56}},"45":{"start":{"line":65,"column":20},"end":{"line":65,"column":50}},"46":{"start":{"line":66,"column":20},"end":{"line":66,"column":56}},"47":{"start":{"line":67,"column":20},"end":{"line":67,"column":56}},"48":{"start":{"line":68,"column":20},"end":{"line":68,"column":52}},"49":{"start":{"line":69,"column":20},"end":{"line":69,"column":66}},"50":{"start":{"line":70,"column":20},"end":{"line":70,"column":60}},"51":{"start":{"line":77,"column":4},"end":{"line":104,"column":6}},"52":{"start":{"line":80,"column":8},"end":{"line":84,"column":9}},"53":{"start":{"line":81,"column":12},"end":{"line":83,"column":43}},"54":{"start":{"line":83,"column":34},"end":{"line":83,"column":42}},"55":{"start":{"line":86,"column":8},"end":{"line":103,"column":10}},"56":{"start":{"line":88,"column":28},"end":{"line":88,"column":42}},"57":{"start":{"line":90,"column":12},"end":{"line":102,"column":18}},"58":{"start":{"line":92,"column":20},"end":{"line":92,"column":45}},"59":{"start":{"line":97,"column":20},"end":{"line":97,"column":42}},"60":{"start":{"line":98,"column":20},"end":{"line":98,"column":50}},"61":{"start":{"line":99,"column":20},"end":{"line":99,"column":65}},"62":{"start":{"line":100,"column":20},"end":{"line":100,"column":69}},"63":{"start":{"line":101,"column":20},"end":{"line":101,"column":92}},"64":{"start":{"line":107,"column":4},"end":{"line":107,"column":68}},"65":{"start":{"line":107,"column":16},"end":{"line":107,"column":67}},"66":{"start":{"line":107,"column":45},"end":{"line":107,"column":66}}},"fnMap":{"0":{"name":"(anonymous_0)","decl":{"start":{"line":11,"column":25},"end":{"line":11,"column":26}},"loc":{"start":{"line":11,"column":31},"end":{"line":108,"column":1}},"line":11},"1":{"name":"(anonymous_1)","decl":{"start":{"line":12,"column":11},"end":{"line":12,"column":12}},"loc":{"start":{"line":13,"column":8},"end":{"line":14,"column":42}},"line":13},"2":{"name":"(anonymous_2)","decl":{"start":{"line":14,"column":18},"end":{"line":14,"column":19}},"loc":{"start":{"line":14,"column":24},"end":{"line":14,"column":41}},"line":14},"3":{"name":"(anonymous_3)","decl":{"start":{"line":21,"column":15},"end":{"line":21,"column":16}},"loc":{"start":{"line":21,"column":21},"end":{"line":44,"column":5}},"line":21},"4":{"name":"(anonymous_4)","decl":{"start":{"line":46,"column":41},"end":{"line":46,"column":42}},"loc":{"start":{"line":46,"column":47},"end":{"line":75,"column":5}},"line":46},"5":{"name":"(anonymous_5)","decl":{"start":{"line":49,"column":19},"end":{"line":49,"column":20}},"loc":{"start":{"line":50,"column":12},"end":{"line":52,"column":43}},"line":50},"6":{"name":"(anonymous_6)","decl":{"start":{"line":52,"column":22},"end":{"line":52,"column":23}},"loc":{"start":{"line":52,"column":34},"end":{"line":52,"column":42}},"line":52},"7":{"name":"(anonymous_7)","decl":{"start":{"line":55,"column":65},"end":{"line":55,"column":66}},"loc":{"start":{"line":56,"column":12},"end":{"line":73,"column":18}},"line":56},"8":{"name":"(anonymous_8)","decl":{"start":{"line":57,"column":22},"end":{"line":57,"column":23}},"loc":{"start":{"line":57,"column":30},"end":{"line":73,"column":17}},"line":57},"9":{"name":"(anonymous_9)","decl":{"start":{"line":77,"column":41},"end":{"line":77,"column":42}},"loc":{"start":{"line":77,"column":47},"end":{"line":104,"column":5}},"line":77},"10":{"name":"(anonymous_10)","decl":{"start":{"line":80,"column":19},"end":{"line":80,"column":20}},"loc":{"start":{"line":81,"column":12},"end":{"line":83,"column":43}},"line":81},"11":{"name":"(anonymous_11)","decl":{"start":{"line":83,"column":22},"end":{"line":83,"column":23}},"loc":{"start":{"line":83,"column":34},"end":{"line":83,"column":42}},"line":83},"12":{"name":"(anonymous_12)","decl":{"start":{"line":86,"column":43},"end":{"line":86,"column":44}},"loc":{"start":{"line":86,"column":49},"end":{"line":103,"column":9}},"line":86},"13":{"name":"(anonymous_13)","decl":{"start":{"line":91,"column":22},"end":{"line":91,"column":23}},"loc":{"start":{"line":91,"column":30},"end":{"line":94,"column":17}},"line":91},"14":{"name":"(anonymous_14)","decl":{"start":{"line":95,"column":23},"end":{"line":95,"column":24}},"loc":{"start":{"line":95,"column":34},"end":{"line":102,"column":17}},"line":95},"15":{"name":"(anonymous_15)","decl":{"start":{"line":107,"column":10},"end":{"line":107,"column":11}},"loc":{"start":{"line":107,"column":16},"end":{"line":107,"column":67}},"line":107},"16":{"name":"(anonymous_16)","decl":{"start":{"line":107,"column":39},"end":{"line":107,"column":40}},"loc":{"start":{"line":107,"column":45},"end":{"line":107,"column":66}},"line":107}},"branchMap":{},"s":{"0":1,"1":1,"2":1,"3":1,"4":1,"5":1,"6":1,"7":1,"8":1,"9":1,"10":1,"11":1,"12":1,"13":2,"14":2,"15":2,"16":2,"17":2,"18":2,"19":2,"20":2,"21":2,"22":2,"23":2,"24":2,"25":2,"26":2,"27":2,"28":2,"29":2,"30":2,"31":2,"32":1,"33":1,"34":1,"35":1,"36":1,"37":1,"38":1,"39":1,"40":1,"41":1,"42":1,"43":1,"44":1,"45":1,"46":1,"47":1,"48":1,"49":1,"50":1,"51":1,"52":1,"53":1,"54":1,"55":1,"56":1,"57":1,"58":0,"59":1,"60":1,"61":1,"62":1,"63":1,"64":1,"65":1,"66":1},"f":{"0":1,"1":1,"2":1,"3":2,"4":1,"5":1,"6":1,"7":1,"8":1,"9":1,"10":1,"11":1,"12":1,"13":0,"14":1,"15":1,"16":1},"b":{},"_coverageSchema":"1a1c01bbd47fc00a2c39e90264f33305004495a9","hash":"61b7f96f2849e76baf77145722dbeea5d8525a31","contentHash":"b47e42558993f45507f190866d9dd546c52eb98790108464960a3078bfa5807f"},"/Users/sergibittangonzalez/bootcamp/collab/skylab-bootcamp-202001/staff/sergi-bittan/diet-yourself/diet-yourself-api/logic/retrieve-user.js":{"path":"/Users/sergibittangonzalez/bootcamp/collab/skylab-bootcamp-202001/staff/sergi-bittan/diet-yourself/diet-yourself-api/logic/retrieve-user.js","statementMap":{"0":{"start":{"line":1,"column":21},"end":{"line":1,"column":51}},"1":{"start":{"line":2,"column":29},"end":{"line":2,"column":58}},"2":{"start":{"line":3,"column":43},"end":{"line":3,"column":74}},"3":{"start":{"line":4,"column":30},"end":{"line":4,"column":50}},"4":{"start":{"line":6,"column":0},"end":{"line":19,"column":231}},"5":{"start":{"line":7,"column":4},"end":{"line":7,"column":29}},"6":{"start":{"line":9,"column":4},"end":{"line":19,"column":230}},"7":{"start":{"line":11,"column":12},"end":{"line":11,"column":83}},"8":{"start":{"line":11,"column":23},"end":{"line":11,"column":83}},"9":{"start":{"line":13,"column":12},"end":{"line":13,"column":96}},"10":{"start":{"line":13,"column":34},"end":{"line":13,"column":96}},"11":{"start":{"line":15,"column":12},"end":{"line":15,"column":37}},"12":{"start":{"line":17,"column":12},"end":{"line":17,"column":30}},"13":{"start":{"line":19,"column":125},"end":{"line":19,"column":228}}},"fnMap":{"0":{"name":"(anonymous_0)","decl":{"start":{"line":6,"column":17},"end":{"line":6,"column":18}},"loc":{"start":{"line":6,"column":23},"end":{"line":19,"column":231}},"line":6},"1":{"name":"(anonymous_1)","decl":{"start":{"line":10,"column":14},"end":{"line":10,"column":15}},"loc":{"start":{"line":10,"column":22},"end":{"line":18,"column":9}},"line":10},"2":{"name":"(anonymous_2)","decl":{"start":{"line":19,"column":15},"end":{"line":19,"column":16}},"loc":{"start":{"line":19,"column":125},"end":{"line":19,"column":228}},"line":19}},"branchMap":{"0":{"loc":{"start":{"line":11,"column":12},"end":{"line":11,"column":83}},"type":"if","locations":[{"start":{"line":11,"column":12},"end":{"line":11,"column":83}},{"start":{"line":11,"column":12},"end":{"line":11,"column":83}}],"line":11},"1":{"loc":{"start":{"line":13,"column":12},"end":{"line":13,"column":96}},"type":"if","locations":[{"start":{"line":13,"column":12},"end":{"line":13,"column":96}},{"start":{"line":13,"column":12},"end":{"line":13,"column":96}}],"line":13}},"s":{"0":1,"1":1,"2":1,"3":1,"4":1,"5":2,"6":2,"7":2,"8":1,"9":1,"10":0,"11":1,"12":1,"13":1},"f":{"0":2,"1":2,"2":1},"b":{"0":[1,1],"1":[0,1]},"_coverageSchema":"1a1c01bbd47fc00a2c39e90264f33305004495a9","hash":"2a909552cfdb367fb6dd89e7297756ceae177929","contentHash":"24c4c6f326e5878b5cf5fe245ed245660d0a9b51ebae2857a26ca49b6c3ff9a3"},"/Users/sergibittangonzalez/bootcamp/collab/skylab-bootcamp-202001/staff/sergi-bittan/diet-yourself/diet-yourself-api/logic/update-user.spec.js":{"path":"/Users/sergibittangonzalez/bootcamp/collab/skylab-bootcamp-202001/staff/sergi-bittan/diet-yourself/diet-yourself-api/logic/update-user.spec.js","statementMap":{"0":{"start":{"line":1,"column":0},"end":{"line":1,"column":26}},"1":{"start":{"line":3,"column":38},"end":{"line":3,"column":45}},"2":{"start":{"line":4,"column":19},"end":{"line":4,"column":34}},"3":{"start":{"line":5,"column":19},"end":{"line":5,"column":23}},"4":{"start":{"line":6,"column":19},"end":{"line":6,"column":43}},"5":{"start":{"line":7,"column":39},"end":{"line":7,"column":68}},"6":{"start":{"line":8,"column":40},"end":{"line":8,"column":71}},"7":{"start":{"line":9,"column":30},"end":{"line":9,"column":50}},"8":{"start":{"line":11,"column":0},"end":{"line":158,"column":2}},"9":{"start":{"line":12,"column":4},"end":{"line":15,"column":5}},"10":{"start":{"line":13,"column":8},"end":{"line":14,"column":42}},"11":{"start":{"line":14,"column":24},"end":{"line":14,"column":41}},"12":{"start":{"line":22,"column":4},"end":{"line":61,"column":6}},"13":{"start":{"line":25,"column":8},"end":{"line":25,"column":70}},"14":{"start":{"line":26,"column":8},"end":{"line":26,"column":90}},"15":{"start":{"line":27,"column":8},"end":{"line":27,"column":36}},"16":{"start":{"line":29,"column":8},"end":{"line":29,"column":49}},"17":{"start":{"line":30,"column":8},"end":{"line":30,"column":53}},"18":{"start":{"line":31,"column":8},"end":{"line":31,"column":51}},"19":{"start":{"line":34,"column":8},"end":{"line":34,"column":41}},"20":{"start":{"line":35,"column":8},"end":{"line":35,"column":44}},"21":{"start":{"line":36,"column":8},"end":{"line":36,"column":24}},"22":{"start":{"line":37,"column":8},"end":{"line":37,"column":31}},"23":{"start":{"line":38,"column":8},"end":{"line":38,"column":44}},"24":{"start":{"line":39,"column":8},"end":{"line":39,"column":37}},"25":{"start":{"line":40,"column":8},"end":{"line":40,"column":46}},"26":{"start":{"line":41,"column":8},"end":{"line":41,"column":51}},"27":{"start":{"line":42,"column":8},"end":{"line":42,"column":50}},"28":{"start":{"line":43,"column":8},"end":{"line":43,"column":33}},"29":{"start":{"line":44,"column":8},"end":{"line":44,"column":55}},"30":{"start":{"line":45,"column":8},"end":{"line":45,"column":18}},"31":{"start":{"line":46,"column":8},"end":{"line":46,"column":81}},"32":{"start":{"line":48,"column":8},"end":{"line":48,"column":47}},"33":{"start":{"line":49,"column":8},"end":{"line":49,"column":49}},"34":{"start":{"line":50,"column":8},"end":{"line":50,"column":54}},"35":{"start":{"line":51,"column":8},"end":{"line":51,"column":53}},"36":{"start":{"line":52,"column":8},"end":{"line":52,"column":39}},"37":{"start":{"line":53,"column":8},"end":{"line":53,"column":34}},"38":{"start":{"line":54,"column":8},"end":{"line":54,"column":47}},"39":{"start":{"line":58,"column":21},"end":{"line":58,"column":120}},"40":{"start":{"line":60,"column":8},"end":{"line":60,"column":21}},"41":{"start":{"line":66,"column":4},"end":{"line":98,"column":6}},"42":{"start":{"line":67,"column":8},"end":{"line":67,"column":16}},"43":{"start":{"line":69,"column":8},"end":{"line":79,"column":9}},"44":{"start":{"line":81,"column":25},"end":{"line":81,"column":52}},"45":{"start":{"line":83,"column":8},"end":{"line":83,"column":37}},"46":{"start":{"line":85,"column":28},"end":{"line":85,"column":52}},"47":{"start":{"line":87,"column":8},"end":{"line":87,"column":58}},"48":{"start":{"line":89,"column":8},"end":{"line":89,"column":50}},"49":{"start":{"line":90,"column":8},"end":{"line":90,"column":58}},"50":{"start":{"line":91,"column":8},"end":{"line":91,"column":48}},"51":{"start":{"line":92,"column":8},"end":{"line":92,"column":54}},"52":{"start":{"line":93,"column":8},"end":{"line":93,"column":54}},"53":{"start":{"line":94,"column":8},"end":{"line":94,"column":50}},"54":{"start":{"line":96,"column":8},"end":{"line":96,"column":45}},"55":{"start":{"line":123,"column":4},"end":{"line":154,"column":6}},"56":{"start":{"line":125,"column":8},"end":{"line":136,"column":9}},"57":{"start":{"line":138,"column":24},"end":{"line":138,"column":38}},"58":{"start":{"line":140,"column":8},"end":{"line":151,"column":9}},"59":{"start":{"line":142,"column":12},"end":{"line":142,"column":43}},"60":{"start":{"line":143,"column":12},"end":{"line":143,"column":54}},"61":{"start":{"line":147,"column":12},"end":{"line":147,"column":34}},"62":{"start":{"line":148,"column":12},"end":{"line":148,"column":60}},"63":{"start":{"line":149,"column":12},"end":{"line":149,"column":84}},"64":{"start":{"line":157,"column":4},"end":{"line":157,"column":68}},"65":{"start":{"line":157,"column":16},"end":{"line":157,"column":67}},"66":{"start":{"line":157,"column":45},"end":{"line":157,"column":66}}},"fnMap":{"0":{"name":"(anonymous_0)","decl":{"start":{"line":11,"column":23},"end":{"line":11,"column":24}},"loc":{"start":{"line":11,"column":29},"end":{"line":158,"column":1}},"line":11},"1":{"name":"(anonymous_1)","decl":{"start":{"line":12,"column":11},"end":{"line":12,"column":12}},"loc":{"start":{"line":13,"column":8},"end":{"line":14,"column":42}},"line":13},"2":{"name":"(anonymous_2)","decl":{"start":{"line":14,"column":18},"end":{"line":14,"column":19}},"loc":{"start":{"line":14,"column":24},"end":{"line":14,"column":41}},"line":14},"3":{"name":"(anonymous_3)","decl":{"start":{"line":22,"column":15},"end":{"line":22,"column":16}},"loc":{"start":{"line":22,"column":27},"end":{"line":61,"column":5}},"line":22},"4":{"name":"(anonymous_4)","decl":{"start":{"line":66,"column":61},"end":{"line":66,"column":62}},"loc":{"start":{"line":66,"column":73},"end":{"line":98,"column":5}},"line":66},"5":{"name":"(anonymous_5)","decl":{"start":{"line":123,"column":36},"end":{"line":123,"column":37}},"loc":{"start":{"line":123,"column":48},"end":{"line":154,"column":5}},"line":123},"6":{"name":"(anonymous_6)","decl":{"start":{"line":157,"column":10},"end":{"line":157,"column":11}},"loc":{"start":{"line":157,"column":16},"end":{"line":157,"column":67}},"line":157},"7":{"name":"(anonymous_7)","decl":{"start":{"line":157,"column":39},"end":{"line":157,"column":40}},"loc":{"start":{"line":157,"column":45},"end":{"line":157,"column":66}},"line":157}},"branchMap":{},"s":{"0":1,"1":1,"2":1,"3":1,"4":1,"5":1,"6":1,"7":1,"8":1,"9":1,"10":1,"11":1,"12":1,"13":2,"14":2,"15":2,"16":2,"17":2,"18":2,"19":2,"20":2,"21":2,"22":2,"23":2,"24":2,"25":2,"26":2,"27":2,"28":2,"29":2,"30":2,"31":2,"32":2,"33":2,"34":2,"35":2,"36":2,"37":2,"38":2,"39":2,"40":2,"41":1,"42":1,"43":1,"44":1,"45":1,"46":1,"47":1,"48":1,"49":1,"50":1,"51":1,"52":1,"53":1,"54":1,"55":1,"56":1,"57":1,"58":1,"59":1,"60":0,"61":1,"62":1,"63":1,"64":1,"65":1,"66":1},"f":{"0":1,"1":1,"2":1,"3":2,"4":1,"5":1,"6":1,"7":1},"b":{},"_coverageSchema":"1a1c01bbd47fc00a2c39e90264f33305004495a9","hash":"fae2412f34c3a5cc9b43b49fc70f5bbd4563b1b4","contentHash":"7789d12759cb6c853866a93c5c162d7badc202eced61f9dd6253baa2a6f0ab55"},"/Users/sergibittangonzalez/bootcamp/collab/skylab-bootcamp-202001/staff/sergi-bittan/diet-yourself/diet-yourself-api/logic/update-user.js":{"path":"/Users/sergibittangonzalez/bootcamp/collab/skylab-bootcamp-202001/staff/sergi-bittan/diet-yourself/diet-yourself-api/logic/update-user.js","statementMap":{"0":{"start":{"line":1,"column":21},"end":{"line":1,"column":51}},"1":{"start":{"line":2,"column":57},"end":{"line":2,"column":88}},"2":{"start":{"line":3,"column":29},"end":{"line":3,"column":58}},"3":{"start":{"line":4,"column":15},"end":{"line":4,"column":34}},"4":{"start":{"line":5,"column":30},"end":{"line":5,"column":50}},"5":{"start":{"line":8,"column":0},"end":{"line":58,"column":1}},"6":{"start":{"line":10,"column":4},"end":{"line":10,"column":29}},"7":{"start":{"line":11,"column":4},"end":{"line":11,"column":39}},"8":{"start":{"line":13,"column":24},"end":{"line":13,"column":133}},"9":{"start":{"line":15,"column":4},"end":{"line":19,"column":5}},"10":{"start":{"line":16,"column":8},"end":{"line":16,"column":100}},"11":{"start":{"line":16,"column":40},"end":{"line":16,"column":100}},"12":{"start":{"line":18,"column":8},"end":{"line":18,"column":120}},"13":{"start":{"line":18,"column":53},"end":{"line":18,"column":120}},"14":{"start":{"line":21,"column":4},"end":{"line":57,"column":8}},"15":{"start":{"line":22,"column":21},"end":{"line":22,"column":44}},"16":{"start":{"line":24,"column":8},"end":{"line":55,"column":9}},"17":{"start":{"line":24,"column":18},"end":{"line":24,"column":78}},"18":{"start":{"line":32,"column":12},"end":{"line":37,"column":13}},"19":{"start":{"line":33,"column":31},"end":{"line":33,"column":84}},"20":{"start":{"line":35,"column":16},"end":{"line":35,"column":75}},"21":{"start":{"line":35,"column":29},"end":{"line":35,"column":75}},"22":{"start":{"line":36,"column":16},"end":{"line":36,"column":68}},"23":{"start":{"line":39,"column":12},"end":{"line":41,"column":13}},"24":{"start":{"line":40,"column":16},"end":{"line":40,"column":37}},"25":{"start":{"line":43,"column":12},"end":{"line":43,"column":29}},"26":{"start":{"line":45,"column":30},"end":{"line":45,"column":53}},"27":{"start":{"line":47,"column":68},"end":{"line":47,"column":77}},"28":{"start":{"line":49,"column":29},"end":{"line":49,"column":103}},"29":{"start":{"line":51,"column":12},"end":{"line":51,"column":36}},"30":{"start":{"line":53,"column":12},"end":{"line":53,"column":29}}},"fnMap":{"0":{"name":"(anonymous_0)","decl":{"start":{"line":8,"column":17},"end":{"line":8,"column":18}},"loc":{"start":{"line":8,"column":31},"end":{"line":58,"column":1}},"line":8},"1":{"name":"(anonymous_1)","decl":{"start":{"line":21,"column":12},"end":{"line":21,"column":13}},"loc":{"start":{"line":21,"column":22},"end":{"line":57,"column":5}},"line":21}},"branchMap":{"0":{"loc":{"start":{"line":16,"column":8},"end":{"line":16,"column":100}},"type":"if","locations":[{"start":{"line":16,"column":8},"end":{"line":16,"column":100}},{"start":{"line":16,"column":8},"end":{"line":16,"column":100}}],"line":16},"1":{"loc":{"start":{"line":18,"column":8},"end":{"line":18,"column":120}},"type":"if","locations":[{"start":{"line":18,"column":8},"end":{"line":18,"column":120}},{"start":{"line":18,"column":8},"end":{"line":18,"column":120}}],"line":18},"2":{"loc":{"start":{"line":18,"column":12},"end":{"line":18,"column":51}},"type":"binary-expr","locations":[{"start":{"line":18,"column":12},"end":{"line":18,"column":30}},{"start":{"line":18,"column":34},"end":{"line":18,"column":51}}],"line":18},"3":{"loc":{"start":{"line":24,"column":8},"end":{"line":55,"column":9}},"type":"if","locations":[{"start":{"line":24,"column":8},"end":{"line":55,"column":9}},{"start":{"line":24,"column":8},"end":{"line":55,"column":9}}],"line":24},"4":{"loc":{"start":{"line":32,"column":12},"end":{"line":37,"column":13}},"type":"if","locations":[{"start":{"line":32,"column":12},"end":{"line":37,"column":13}},{"start":{"line":32,"column":12},"end":{"line":37,"column":13}}],"line":32},"5":{"loc":{"start":{"line":35,"column":16},"end":{"line":35,"column":75}},"type":"if","locations":[{"start":{"line":35,"column":16},"end":{"line":35,"column":75}},{"start":{"line":35,"column":16},"end":{"line":35,"column":75}}],"line":35}},"s":{"0":1,"1":1,"2":1,"3":1,"4":1,"5":1,"6":2,"7":2,"8":2,"9":2,"10":14,"11":0,"12":14,"13":0,"14":2,"15":2,"16":2,"17":1,"18":1,"19":0,"20":0,"21":0,"22":0,"23":1,"24":7,"25":1,"26":1,"27":1,"28":1,"29":1,"30":1},"f":{"0":2,"1":2},"b":{"0":[0,14],"1":[0,14],"2":[14,0],"3":[1,1],"4":[0,1],"5":[0,0]},"_coverageSchema":"1a1c01bbd47fc00a2c39e90264f33305004495a9","hash":"2e61495265a5b7c89482e256c7c7f39067e50e1f","contentHash":"7a3c7b3adf899c291ebd5dcdc09292fb87c4957d6b341294e562f3f6da5bc8b5"}}